{"/Users/ek_solution/BASE/CODES/projects/jabar_digital/auth_node/src/Applications/security/AuthenticationTokenManager.js": {"path":"/Users/ek_solution/BASE/CODES/projects/jabar_digital/auth_node/src/Applications/security/AuthenticationTokenManager.js","statementMap":{"0":{"start":{"line":3,"column":4},"end":{"line":3,"column":75}},"1":{"start":{"line":7,"column":4},"end":{"line":7,"column":75}},"2":{"start":{"line":11,"column":4},"end":{"line":11,"column":75}},"3":{"start":{"line":15,"column":4},"end":{"line":15,"column":75}},"4":{"start":{"line":19,"column":0},"end":{"line":19,"column":44}}},"fnMap":{"0":{"name":"(anonymous_0)","decl":{"start":{"line":2,"column":2},"end":{"line":2,"column":3}},"loc":{"start":{"line":2,"column":36},"end":{"line":4,"column":3}},"line":2},"1":{"name":"(anonymous_1)","decl":{"start":{"line":6,"column":2},"end":{"line":6,"column":3}},"loc":{"start":{"line":6,"column":35},"end":{"line":8,"column":3}},"line":6},"2":{"name":"(anonymous_2)","decl":{"start":{"line":10,"column":2},"end":{"line":10,"column":3}},"loc":{"start":{"line":10,"column":34},"end":{"line":12,"column":3}},"line":10},"3":{"name":"(anonymous_3)","decl":{"start":{"line":14,"column":2},"end":{"line":14,"column":3}},"loc":{"start":{"line":14,"column":24},"end":{"line":16,"column":3}},"line":14}},"branchMap":{},"s":{"0":1,"1":1,"2":1,"3":1,"4":4},"f":{"0":1,"1":1,"2":1,"3":1},"b":{},"_coverageSchema":"1a1c01bbd47fc00a2c39e90264f33305004495a9","hash":"7287ed0232c782fb22c04804af7274eaf68f4bf7"}
,"/Users/ek_solution/BASE/CODES/projects/jabar_digital/auth_node/src/Applications/security/PasswordHash.js": {"path":"/Users/ek_solution/BASE/CODES/projects/jabar_digital/auth_node/src/Applications/security/PasswordHash.js","statementMap":{"0":{"start":{"line":3,"column":4},"end":{"line":3,"column":60}},"1":{"start":{"line":7,"column":4},"end":{"line":7,"column":60}},"2":{"start":{"line":11,"column":0},"end":{"line":11,"column":30}}},"fnMap":{"0":{"name":"(anonymous_0)","decl":{"start":{"line":2,"column":2},"end":{"line":2,"column":3}},"loc":{"start":{"line":2,"column":23},"end":{"line":4,"column":3}},"line":2},"1":{"name":"(anonymous_1)","decl":{"start":{"line":6,"column":2},"end":{"line":6,"column":3}},"loc":{"start":{"line":6,"column":42},"end":{"line":8,"column":3}},"line":6}},"branchMap":{},"s":{"0":1,"1":1,"2":4},"f":{"0":1,"1":1},"b":{},"_coverageSchema":"1a1c01bbd47fc00a2c39e90264f33305004495a9","hash":"3c3f2676e1120533a4d93a3505f39359f5051d09"}
,"/Users/ek_solution/BASE/CODES/projects/jabar_digital/auth_node/src/Applications/use_cases/AddUserUseCase.js": {"path":"/Users/ek_solution/BASE/CODES/projects/jabar_digital/auth_node/src/Applications/use_cases/AddUserUseCase.js","statementMap":{"0":{"start":{"line":1,"column":20},"end":{"line":1,"column":62}},"1":{"start":{"line":5,"column":4},"end":{"line":5,"column":42}},"2":{"start":{"line":6,"column":4},"end":{"line":6,"column":38}},"3":{"start":{"line":10,"column":4},"end":{"line":12,"column":5}},"4":{"start":{"line":11,"column":6},"end":{"line":11,"column":59}},"5":{"start":{"line":14,"column":4},"end":{"line":16,"column":5}},"6":{"start":{"line":15,"column":6},"end":{"line":15,"column":61}},"7":{"start":{"line":19,"column":26},"end":{"line":19,"column":68}},"8":{"start":{"line":21,"column":4},"end":{"line":41,"column":5}},"9":{"start":{"line":23,"column":29},"end":{"line":23,"column":73}},"10":{"start":{"line":26,"column":19},"end":{"line":30,"column":8}},"11":{"start":{"line":33,"column":6},"end":{"line":38,"column":8}},"12":{"start":{"line":40,"column":6},"end":{"line":40,"column":16}},"13":{"start":{"line":45,"column":0},"end":{"line":45,"column":32}}},"fnMap":{"0":{"name":"(anonymous_0)","decl":{"start":{"line":4,"column":2},"end":{"line":4,"column":3}},"loc":{"start":{"line":4,"column":48},"end":{"line":7,"column":3}},"line":4},"1":{"name":"(anonymous_1)","decl":{"start":{"line":9,"column":2},"end":{"line":9,"column":3}},"loc":{"start":{"line":9,"column":31},"end":{"line":42,"column":3}},"line":9}},"branchMap":{"0":{"loc":{"start":{"line":10,"column":4},"end":{"line":12,"column":5}},"type":"if","locations":[{"start":{"line":10,"column":4},"end":{"line":12,"column":5}},{"start":{},"end":{}}],"line":10},"1":{"loc":{"start":{"line":10,"column":8},"end":{"line":10,"column":21}},"type":"binary-expr","locations":[{"start":{"line":10,"column":8},"end":{"line":10,"column":12}},{"start":{"line":10,"column":16},"end":{"line":10,"column":21}}],"line":10},"2":{"loc":{"start":{"line":14,"column":4},"end":{"line":16,"column":5}},"type":"if","locations":[{"start":{"line":14,"column":4},"end":{"line":16,"column":5}},{"start":{},"end":{}}],"line":14}},"s":{"0":2,"1":3,"2":3,"3":4,"4":0,"5":4,"6":2,"7":2,"8":2,"9":2,"10":2,"11":2,"12":0,"13":2},"f":{"0":3,"1":4},"b":{"0":[0,4],"1":[4,4],"2":[2,2]},"_coverageSchema":"1a1c01bbd47fc00a2c39e90264f33305004495a9","hash":"507fe6f856f6543fecc00958577c464dad18341e"}
,"/Users/ek_solution/BASE/CODES/projects/jabar_digital/auth_node/src/Applications/use_cases/LoginUserUseCase.js": {"path":"/Users/ek_solution/BASE/CODES/projects/jabar_digital/auth_node/src/Applications/use_cases/LoginUserUseCase.js","statementMap":{"0":{"start":{"line":1,"column":18},"end":{"line":1,"column":67}},"1":{"start":{"line":2,"column":26},"end":{"line":2,"column":93}},"2":{"start":{"line":11,"column":4},"end":{"line":11,"column":42}},"3":{"start":{"line":12,"column":4},"end":{"line":12,"column":62}},"4":{"start":{"line":13,"column":4},"end":{"line":13,"column":66}},"5":{"start":{"line":14,"column":4},"end":{"line":14,"column":38}},"6":{"start":{"line":18,"column":30},"end":{"line":18,"column":59}},"7":{"start":{"line":20,"column":30},"end":{"line":20,"column":78}},"8":{"start":{"line":24,"column":4},"end":{"line":24,"column":74}},"9":{"start":{"line":27,"column":25},"end":{"line":27,"column":69}},"10":{"start":{"line":32,"column":6},"end":{"line":36,"column":8}},"11":{"start":{"line":38,"column":6},"end":{"line":42,"column":8}},"12":{"start":{"line":44,"column":4},"end":{"line":44,"column":64}},"13":{"start":{"line":47,"column":4},"end":{"line":53,"column":7}},"14":{"start":{"line":57,"column":0},"end":{"line":57,"column":34}}},"fnMap":{"0":{"name":"(anonymous_0)","decl":{"start":{"line":5,"column":2},"end":{"line":5,"column":3}},"loc":{"start":{"line":10,"column":5},"end":{"line":15,"column":3}},"line":10},"1":{"name":"(anonymous_1)","decl":{"start":{"line":17,"column":2},"end":{"line":17,"column":3}},"loc":{"start":{"line":17,"column":32},"end":{"line":54,"column":3}},"line":17}},"branchMap":{},"s":{"0":2,"1":2,"2":2,"3":2,"4":2,"5":2,"6":1,"7":1,"8":1,"9":1,"10":1,"11":1,"12":1,"13":1,"14":2},"f":{"0":2,"1":1},"b":{},"_coverageSchema":"1a1c01bbd47fc00a2c39e90264f33305004495a9","hash":"82adb5c553bec5dadea5722dc79388772430c7e2"}
,"/Users/ek_solution/BASE/CODES/projects/jabar_digital/auth_node/src/Commons/exceptions/AuthenticationError.js": {"path":"/Users/ek_solution/BASE/CODES/projects/jabar_digital/auth_node/src/Commons/exceptions/AuthenticationError.js","statementMap":{"0":{"start":{"line":1,"column":20},"end":{"line":1,"column":44}},"1":{"start":{"line":5,"column":4},"end":{"line":5,"column":24}},"2":{"start":{"line":6,"column":4},"end":{"line":6,"column":38}},"3":{"start":{"line":10,"column":0},"end":{"line":10,"column":37}}},"fnMap":{"0":{"name":"(anonymous_0)","decl":{"start":{"line":4,"column":2},"end":{"line":4,"column":3}},"loc":{"start":{"line":4,"column":23},"end":{"line":7,"column":3}},"line":4}},"branchMap":{},"s":{"0":5,"1":7,"2":7,"3":5},"f":{"0":7},"b":{},"_coverageSchema":"1a1c01bbd47fc00a2c39e90264f33305004495a9","hash":"2a70636afb7e7bb1801f96bf8121088267a718ff"}
,"/Users/ek_solution/BASE/CODES/projects/jabar_digital/auth_node/src/Commons/exceptions/AuthorizationError.js": {"path":"/Users/ek_solution/BASE/CODES/projects/jabar_digital/auth_node/src/Commons/exceptions/AuthorizationError.js","statementMap":{"0":{"start":{"line":1,"column":20},"end":{"line":1,"column":44}},"1":{"start":{"line":5,"column":4},"end":{"line":5,"column":24}},"2":{"start":{"line":6,"column":4},"end":{"line":6,"column":37}},"3":{"start":{"line":10,"column":0},"end":{"line":10,"column":36}}},"fnMap":{"0":{"name":"(anonymous_0)","decl":{"start":{"line":4,"column":2},"end":{"line":4,"column":3}},"loc":{"start":{"line":4,"column":23},"end":{"line":7,"column":3}},"line":4}},"branchMap":{},"s":{"0":3,"1":1,"2":1,"3":3},"f":{"0":1},"b":{},"_coverageSchema":"1a1c01bbd47fc00a2c39e90264f33305004495a9","hash":"d16eec71e715a428e168f958a0952ee4caf2cb4c"}
,"/Users/ek_solution/BASE/CODES/projects/jabar_digital/auth_node/src/Commons/exceptions/ClientError.js": {"path":"/Users/ek_solution/BASE/CODES/projects/jabar_digital/auth_node/src/Commons/exceptions/ClientError.js","statementMap":{"0":{"start":{"line":3,"column":4},"end":{"line":3,"column":19}},"1":{"start":{"line":5,"column":4},"end":{"line":7,"column":5}},"2":{"start":{"line":6,"column":6},"end":{"line":6,"column":59}},"3":{"start":{"line":9,"column":4},"end":{"line":9,"column":33}},"4":{"start":{"line":10,"column":4},"end":{"line":10,"column":30}},"5":{"start":{"line":14,"column":0},"end":{"line":14,"column":29}}},"fnMap":{"0":{"name":"(anonymous_0)","decl":{"start":{"line":2,"column":2},"end":{"line":2,"column":3}},"loc":{"start":{"line":2,"column":41},"end":{"line":11,"column":3}},"line":2}},"branchMap":{"0":{"loc":{"start":{"line":2,"column":23},"end":{"line":2,"column":39}},"type":"default-arg","locations":[{"start":{"line":2,"column":36},"end":{"line":2,"column":39}}],"line":2},"1":{"loc":{"start":{"line":5,"column":4},"end":{"line":7,"column":5}},"type":"if","locations":[{"start":{"line":5,"column":4},"end":{"line":7,"column":5}},{"start":{},"end":{}}],"line":5}},"s":{"0":33,"1":33,"2":1,"3":32,"4":32,"5":11},"f":{"0":33},"b":{"0":[23],"1":[1,32]},"_coverageSchema":"1a1c01bbd47fc00a2c39e90264f33305004495a9","hash":"c6acad4b2610ea782cf93502a5a493d734b8234a"}
,"/Users/ek_solution/BASE/CODES/projects/jabar_digital/auth_node/src/Commons/exceptions/DomainErrorTranslator.js": {"path":"/Users/ek_solution/BASE/CODES/projects/jabar_digital/auth_node/src/Commons/exceptions/DomainErrorTranslator.js","statementMap":{"0":{"start":{"line":1,"column":23},"end":{"line":1,"column":50}},"1":{"start":{"line":2,"column":27},"end":{"line":2,"column":58}},"2":{"start":{"line":3,"column":22},"end":{"line":3,"column":48}},"3":{"start":{"line":5,"column":30},"end":{"line":9,"column":1}},"4":{"start":{"line":7,"column":4},"end":{"line":7,"column":70}},"5":{"start":{"line":11,"column":0},"end":{"line":33,"column":2}},"6":{"start":{"line":35,"column":0},"end":{"line":35,"column":39}}},"fnMap":{"0":{"name":"(anonymous_0)","decl":{"start":{"line":6,"column":2},"end":{"line":6,"column":3}},"loc":{"start":{"line":6,"column":19},"end":{"line":8,"column":3}},"line":6}},"branchMap":{"0":{"loc":{"start":{"line":7,"column":11},"end":{"line":7,"column":69}},"type":"binary-expr","locations":[{"start":{"line":7,"column":11},"end":{"line":7,"column":60}},{"start":{"line":7,"column":64},"end":{"line":7,"column":69}}],"line":7}},"s":{"0":2,"1":2,"2":2,"3":2,"4":7,"5":2,"6":2},"f":{"0":7},"b":{"0":[7,4]},"_coverageSchema":"1a1c01bbd47fc00a2c39e90264f33305004495a9","hash":"0c14358f95d7ac3aefbfafe2066d48dfc0b73f28"}
,"/Users/ek_solution/BASE/CODES/projects/jabar_digital/auth_node/src/Commons/exceptions/InvariantError.js": {"path":"/Users/ek_solution/BASE/CODES/projects/jabar_digital/auth_node/src/Commons/exceptions/InvariantError.js","statementMap":{"0":{"start":{"line":1,"column":20},"end":{"line":1,"column":44}},"1":{"start":{"line":5,"column":4},"end":{"line":5,"column":19}},"2":{"start":{"line":6,"column":4},"end":{"line":6,"column":33}},"3":{"start":{"line":10,"column":0},"end":{"line":10,"column":32}}},"fnMap":{"0":{"name":"(anonymous_0)","decl":{"start":{"line":4,"column":2},"end":{"line":4,"column":3}},"loc":{"start":{"line":4,"column":23},"end":{"line":7,"column":3}},"line":4}},"branchMap":{},"s":{"0":5,"1":22,"2":22,"3":5},"f":{"0":22},"b":{},"_coverageSchema":"1a1c01bbd47fc00a2c39e90264f33305004495a9","hash":"00d10168623d5c97aedad08d07a4db756ecf92ef"}
,"/Users/ek_solution/BASE/CODES/projects/jabar_digital/auth_node/src/Commons/exceptions/NotFoundError.js": {"path":"/Users/ek_solution/BASE/CODES/projects/jabar_digital/auth_node/src/Commons/exceptions/NotFoundError.js","statementMap":{"0":{"start":{"line":1,"column":20},"end":{"line":1,"column":44}},"1":{"start":{"line":5,"column":4},"end":{"line":5,"column":24}},"2":{"start":{"line":6,"column":4},"end":{"line":6,"column":32}},"3":{"start":{"line":10,"column":0},"end":{"line":10,"column":31}}},"fnMap":{"0":{"name":"(anonymous_0)","decl":{"start":{"line":4,"column":2},"end":{"line":4,"column":3}},"loc":{"start":{"line":4,"column":23},"end":{"line":7,"column":3}},"line":4}},"branchMap":{},"s":{"0":4,"1":2,"2":2,"3":4},"f":{"0":2},"b":{},"_coverageSchema":"1a1c01bbd47fc00a2c39e90264f33305004495a9","hash":"c9aae9ff6c8b710bf4a1bf0e93846ff0b3116229"}
,"/Users/ek_solution/BASE/CODES/projects/jabar_digital/auth_node/src/Commons/utils/validateNIK.js": {"path":"/Users/ek_solution/BASE/CODES/projects/jabar_digital/auth_node/src/Commons/utils/validateNIK.js","statementMap":{"0":{"start":{"line":1,"column":20},"end":{"line":4,"column":1}},"1":{"start":{"line":2,"column":16},"end":{"line":2,"column":26}},"2":{"start":{"line":3,"column":2},"end":{"line":3,"column":25}},"3":{"start":{"line":6,"column":0},"end":{"line":6,"column":29}}},"fnMap":{"0":{"name":"(anonymous_0)","decl":{"start":{"line":1,"column":20},"end":{"line":1,"column":21}},"loc":{"start":{"line":1,"column":29},"end":{"line":4,"column":1}},"line":1}},"branchMap":{},"s":{"0":3,"1":7,"2":7,"3":3},"f":{"0":7},"b":{},"_coverageSchema":"1a1c01bbd47fc00a2c39e90264f33305004495a9","hash":"dcdfd165bc97f8bf99150191cb679acf2bbfe788"}
,"/Users/ek_solution/BASE/CODES/projects/jabar_digital/auth_node/src/Domains/authentications/entities/NewAuthentication.js": {"path":"/Users/ek_solution/BASE/CODES/projects/jabar_digital/auth_node/src/Domains/authentications/entities/NewAuthentication.js","statementMap":{"0":{"start":{"line":3,"column":4},"end":{"line":3,"column":33}},"1":{"start":{"line":5,"column":57},"end":{"line":5,"column":64}},"2":{"start":{"line":6,"column":4},"end":{"line":6,"column":17}},"3":{"start":{"line":7,"column":4},"end":{"line":7,"column":19}},"4":{"start":{"line":8,"column":4},"end":{"line":8,"column":21}},"5":{"start":{"line":9,"column":4},"end":{"line":9,"column":35}},"6":{"start":{"line":10,"column":4},"end":{"line":10,"column":37}},"7":{"start":{"line":14,"column":4},"end":{"line":16,"column":5}},"8":{"start":{"line":15,"column":6},"end":{"line":15,"column":72}},"9":{"start":{"line":18,"column":4},"end":{"line":26,"column":5}},"10":{"start":{"line":25,"column":6},"end":{"line":25,"column":77}},"11":{"start":{"line":30,"column":0},"end":{"line":30,"column":35}}},"fnMap":{"0":{"name":"(anonymous_0)","decl":{"start":{"line":2,"column":2},"end":{"line":2,"column":3}},"loc":{"start":{"line":2,"column":23},"end":{"line":11,"column":3}},"line":2},"1":{"name":"(anonymous_1)","decl":{"start":{"line":13,"column":2},"end":{"line":13,"column":3}},"loc":{"start":{"line":13,"column":63},"end":{"line":27,"column":3}},"line":13}},"branchMap":{"0":{"loc":{"start":{"line":14,"column":4},"end":{"line":16,"column":5}},"type":"if","locations":[{"start":{"line":14,"column":4},"end":{"line":16,"column":5}},{"start":{},"end":{}}],"line":14},"1":{"loc":{"start":{"line":14,"column":8},"end":{"line":14,"column":61}},"type":"binary-expr","locations":[{"start":{"line":14,"column":8},"end":{"line":14,"column":11}},{"start":{"line":14,"column":15},"end":{"line":14,"column":19}},{"start":{"line":14,"column":23},"end":{"line":14,"column":28}},{"start":{"line":14,"column":32},"end":{"line":14,"column":44}},{"start":{"line":14,"column":48},"end":{"line":14,"column":61}}],"line":14},"2":{"loc":{"start":{"line":18,"column":4},"end":{"line":26,"column":5}},"type":"if","locations":[{"start":{"line":18,"column":4},"end":{"line":26,"column":5}},{"start":{},"end":{}}],"line":18},"3":{"loc":{"start":{"line":19,"column":6},"end":{"line":23,"column":38}},"type":"binary-expr","locations":[{"start":{"line":19,"column":6},"end":{"line":19,"column":28}},{"start":{"line":20,"column":6},"end":{"line":20,"column":29}},{"start":{"line":21,"column":6},"end":{"line":21,"column":30}},{"start":{"line":22,"column":6},"end":{"line":22,"column":37}},{"start":{"line":23,"column":6},"end":{"line":23,"column":38}}],"line":19}},"s":{"0":4,"1":2,"2":2,"3":2,"4":2,"5":2,"6":2,"7":4,"8":1,"9":3,"10":1,"11":3},"f":{"0":4,"1":4},"b":{"0":[1,3],"1":[4,4,4,4,4],"2":[1,2],"3":[3,2,2,2,2]},"_coverageSchema":"1a1c01bbd47fc00a2c39e90264f33305004495a9","hash":"09788558fdcb7e90770bbdb73fc4712e30ceeb52"}
,"/Users/ek_solution/BASE/CODES/projects/jabar_digital/auth_node/src/Domains/authentications/repositories/AuthenticationRepository.js": {"path":"/Users/ek_solution/BASE/CODES/projects/jabar_digital/auth_node/src/Domains/authentications/repositories/AuthenticationRepository.js","statementMap":{"0":{"start":{"line":3,"column":4},"end":{"line":3,"column":72}},"1":{"start":{"line":7,"column":4},"end":{"line":7,"column":72}},"2":{"start":{"line":11,"column":4},"end":{"line":11,"column":72}},"3":{"start":{"line":15,"column":0},"end":{"line":15,"column":42}}},"fnMap":{"0":{"name":"(anonymous_0)","decl":{"start":{"line":2,"column":2},"end":{"line":2,"column":3}},"loc":{"start":{"line":2,"column":24},"end":{"line":4,"column":3}},"line":2},"1":{"name":"(anonymous_1)","decl":{"start":{"line":6,"column":2},"end":{"line":6,"column":3}},"loc":{"start":{"line":6,"column":28},"end":{"line":8,"column":3}},"line":6},"2":{"name":"(anonymous_2)","decl":{"start":{"line":10,"column":2},"end":{"line":10,"column":3}},"loc":{"start":{"line":10,"column":27},"end":{"line":12,"column":3}},"line":10}},"branchMap":{},"s":{"0":1,"1":1,"2":1,"3":3},"f":{"0":1,"1":1,"2":1},"b":{},"_coverageSchema":"1a1c01bbd47fc00a2c39e90264f33305004495a9","hash":"50eb99c88b27c8de5dcfe20ab98116d93eaadf7d"}
,"/Users/ek_solution/BASE/CODES/projects/jabar_digital/auth_node/src/Domains/users/entities/UserLogin.js": {"path":"/Users/ek_solution/BASE/CODES/projects/jabar_digital/auth_node/src/Domains/users/entities/UserLogin.js","statementMap":{"0":{"start":{"line":3,"column":4},"end":{"line":3,"column":33}},"1":{"start":{"line":4,"column":30},"end":{"line":4,"column":37}},"2":{"start":{"line":5,"column":4},"end":{"line":5,"column":19}},"3":{"start":{"line":6,"column":4},"end":{"line":6,"column":29}},"4":{"start":{"line":10,"column":4},"end":{"line":12,"column":5}},"5":{"start":{"line":11,"column":6},"end":{"line":11,"column":65}},"6":{"start":{"line":14,"column":4},"end":{"line":20,"column":5}},"7":{"start":{"line":19,"column":6},"end":{"line":19,"column":70}},"8":{"start":{"line":24,"column":0},"end":{"line":24,"column":27}}},"fnMap":{"0":{"name":"(anonymous_0)","decl":{"start":{"line":2,"column":2},"end":{"line":2,"column":3}},"loc":{"start":{"line":2,"column":23},"end":{"line":7,"column":3}},"line":2},"1":{"name":"(anonymous_1)","decl":{"start":{"line":9,"column":2},"end":{"line":9,"column":3}},"loc":{"start":{"line":9,"column":36},"end":{"line":21,"column":3}},"line":9}},"branchMap":{"0":{"loc":{"start":{"line":10,"column":4},"end":{"line":12,"column":5}},"type":"if","locations":[{"start":{"line":10,"column":4},"end":{"line":12,"column":5}},{"start":{},"end":{}}],"line":10},"1":{"loc":{"start":{"line":10,"column":8},"end":{"line":10,"column":25}},"type":"binary-expr","locations":[{"start":{"line":10,"column":8},"end":{"line":10,"column":12}},{"start":{"line":10,"column":16},"end":{"line":10,"column":25}}],"line":10},"2":{"loc":{"start":{"line":14,"column":4},"end":{"line":20,"column":5}},"type":"if","locations":[{"start":{"line":14,"column":4},"end":{"line":20,"column":5}},{"start":{},"end":{}}],"line":14},"3":{"loc":{"start":{"line":15,"column":6},"end":{"line":17,"column":27}},"type":"binary-expr","locations":[{"start":{"line":15,"column":6},"end":{"line":15,"column":29}},{"start":{"line":16,"column":6},"end":{"line":16,"column":34}},{"start":{"line":17,"column":6},"end":{"line":17,"column":27}}],"line":15}},"s":{"0":4,"1":2,"2":2,"3":2,"4":4,"5":1,"6":3,"7":1,"8":3},"f":{"0":4,"1":4},"b":{"0":[1,3],"1":[4,4],"2":[1,2],"3":[3,2,2]},"_coverageSchema":"1a1c01bbd47fc00a2c39e90264f33305004495a9","hash":"7e4e8a0de1c311038f36cd849f71bb243a8bc425"}
,"/Users/ek_solution/BASE/CODES/projects/jabar_digital/auth_node/src/Domains/users/repositories/UserRepository.js": {"path":"/Users/ek_solution/BASE/CODES/projects/jabar_digital/auth_node/src/Domains/users/repositories/UserRepository.js","statementMap":{"0":{"start":{"line":8,"column":4},"end":{"line":8,"column":62}},"1":{"start":{"line":17,"column":4},"end":{"line":17,"column":62}},"2":{"start":{"line":20,"column":4},"end":{"line":20,"column":62}},"3":{"start":{"line":24,"column":0},"end":{"line":24,"column":32}}},"fnMap":{"0":{"name":"(anonymous_0)","decl":{"start":{"line":7,"column":2},"end":{"line":7,"column":3}},"loc":{"start":{"line":7,"column":22},"end":{"line":9,"column":3}},"line":7},"1":{"name":"(anonymous_1)","decl":{"start":{"line":16,"column":2},"end":{"line":16,"column":3}},"loc":{"start":{"line":16,"column":27},"end":{"line":18,"column":3}},"line":16},"2":{"name":"(anonymous_2)","decl":{"start":{"line":19,"column":2},"end":{"line":19,"column":3}},"loc":{"start":{"line":19,"column":30},"end":{"line":21,"column":3}},"line":19}},"branchMap":{},"s":{"0":1,"1":1,"2":1,"3":3},"f":{"0":1,"1":1,"2":1},"b":{},"_coverageSchema":"1a1c01bbd47fc00a2c39e90264f33305004495a9","hash":"6f8aca36f2f1c52e10f53c4939b56b62b8944506"}
,"/Users/ek_solution/BASE/CODES/projects/jabar_digital/auth_node/src/Infrastructures/container.js": {"path":"/Users/ek_solution/BASE/CODES/projects/jabar_digital/auth_node/src/Infrastructures/container.js","statementMap":{"0":{"start":{"line":1,"column":46},"end":{"line":1,"column":63}},"1":{"start":{"line":3,"column":13},"end":{"line":3,"column":48}},"2":{"start":{"line":4,"column":12},"end":{"line":4,"column":35}},"3":{"start":{"line":5,"column":15},"end":{"line":5,"column":32}},"4":{"start":{"line":8,"column":31},"end":{"line":8,"column":96}},"5":{"start":{"line":9,"column":23},"end":{"line":9,"column":74}},"6":{"start":{"line":12,"column":25},"end":{"line":12,"column":78}},"7":{"start":{"line":13,"column":24},"end":{"line":13,"column":61}},"8":{"start":{"line":14,"column":27},"end":{"line":14,"column":67}},"9":{"start":{"line":15,"column":41},"end":{"line":15,"column":116}},"10":{"start":{"line":17,"column":23},"end":{"line":17,"column":83}},"11":{"start":{"line":20,"column":18},"end":{"line":20,"column":35}},"12":{"start":{"line":23,"column":0},"end":{"line":49,"column":3}},"13":{"start":{"line":51,"column":0},"end":{"line":51,"column":27}}},"fnMap":{},"branchMap":{},"s":{"0":1,"1":1,"2":1,"3":1,"4":1,"5":1,"6":1,"7":1,"8":1,"9":1,"10":1,"11":1,"12":1,"13":1},"f":{},"b":{},"_coverageSchema":"1a1c01bbd47fc00a2c39e90264f33305004495a9","hash":"5bc8148198b30083f616126e7e5a535cd7442762"}
,"/Users/ek_solution/BASE/CODES/projects/jabar_digital/auth_node/src/Infrastructures/http/createServer.js": {"path":"/Users/ek_solution/BASE/CODES/projects/jabar_digital/auth_node/src/Infrastructures/http/createServer.js","statementMap":{"0":{"start":{"line":1,"column":16},"end":{"line":1,"column":34}},"1":{"start":{"line":2,"column":19},"end":{"line":2,"column":41}},"2":{"start":{"line":3,"column":28},"end":{"line":3,"column":53}},"3":{"start":{"line":4,"column":18},"end":{"line":4,"column":41}},"4":{"start":{"line":5,"column":19},"end":{"line":5,"column":72}},"5":{"start":{"line":6,"column":30},"end":{"line":6,"column":87}},"6":{"start":{"line":7,"column":20},"end":{"line":7,"column":67}},"7":{"start":{"line":9,"column":21},"end":{"line":40,"column":1}},"8":{"start":{"line":10,"column":14},"end":{"line":10,"column":23}},"9":{"start":{"line":13,"column":2},"end":{"line":13,"column":29}},"10":{"start":{"line":16,"column":2},"end":{"line":16,"column":38}},"11":{"start":{"line":19,"column":2},"end":{"line":19,"column":32}},"12":{"start":{"line":22,"column":2},"end":{"line":37,"column":5}},"13":{"start":{"line":23,"column":28},"end":{"line":23,"column":64}},"14":{"start":{"line":25,"column":4},"end":{"line":30,"column":5}},"15":{"start":{"line":26,"column":6},"end":{"line":29,"column":9}},"16":{"start":{"line":31,"column":4},"end":{"line":31,"column":23}},"17":{"start":{"line":33,"column":4},"end":{"line":36,"column":7}},"18":{"start":{"line":39,"column":2},"end":{"line":39,"column":13}},"19":{"start":{"line":42,"column":0},"end":{"line":42,"column":30}}},"fnMap":{"0":{"name":"(anonymous_0)","decl":{"start":{"line":9,"column":21},"end":{"line":9,"column":22}},"loc":{"start":{"line":9,"column":27},"end":{"line":40,"column":1}},"line":9},"1":{"name":"(anonymous_1)","decl":{"start":{"line":22,"column":10},"end":{"line":22,"column":11}},"loc":{"start":{"line":22,"column":35},"end":{"line":37,"column":3}},"line":22}},"branchMap":{"0":{"loc":{"start":{"line":25,"column":4},"end":{"line":30,"column":5}},"type":"if","locations":[{"start":{"line":25,"column":4},"end":{"line":30,"column":5}},{"start":{},"end":{}}],"line":25}},"s":{"0":1,"1":1,"2":1,"3":1,"4":1,"5":1,"6":1,"7":1,"8":1,"9":1,"10":1,"11":1,"12":1,"13":4,"14":4,"15":4,"16":0,"17":0,"18":1,"19":1},"f":{"0":1,"1":4},"b":{"0":[4,0]},"_coverageSchema":"1a1c01bbd47fc00a2c39e90264f33305004495a9","hash":"f6e06bdb76dea0595a4741364e121ac62e954bf5"}
,"/Users/ek_solution/BASE/CODES/projects/jabar_digital/auth_node/src/Infrastructures/http/middleware/AuthMiddleware.js": {"path":"/Users/ek_solution/BASE/CODES/projects/jabar_digital/auth_node/src/Infrastructures/http/middleware/AuthMiddleware.js","statementMap":{"0":{"start":{"line":1,"column":28},"end":{"line":1,"column":86}},"1":{"start":{"line":3,"column":23},"end":{"line":28,"column":1}},"2":{"start":{"line":4,"column":2},"end":{"line":27,"column":4}},"3":{"start":{"line":5,"column":4},"end":{"line":26,"column":5}},"4":{"start":{"line":6,"column":34},"end":{"line":6,"column":59}},"5":{"start":{"line":7,"column":6},"end":{"line":11,"column":7}},"6":{"start":{"line":8,"column":8},"end":{"line":10,"column":10}},"7":{"start":{"line":13,"column":20},"end":{"line":13,"column":53}},"8":{"start":{"line":15,"column":6},"end":{"line":23,"column":7}},"9":{"start":{"line":17,"column":24},"end":{"line":17,"column":77}},"10":{"start":{"line":19,"column":8},"end":{"line":19,"column":27}},"11":{"start":{"line":20,"column":8},"end":{"line":20,"column":15}},"12":{"start":{"line":22,"column":8},"end":{"line":22,"column":55}},"13":{"start":{"line":25,"column":6},"end":{"line":25,"column":18}},"14":{"start":{"line":30,"column":0},"end":{"line":30,"column":32}}},"fnMap":{"0":{"name":"(anonymous_0)","decl":{"start":{"line":3,"column":23},"end":{"line":3,"column":24}},"loc":{"start":{"line":3,"column":55},"end":{"line":28,"column":1}},"line":3},"1":{"name":"(anonymous_1)","decl":{"start":{"line":4,"column":9},"end":{"line":4,"column":10}},"loc":{"start":{"line":4,"column":35},"end":{"line":27,"column":3}},"line":4}},"branchMap":{"0":{"loc":{"start":{"line":7,"column":6},"end":{"line":11,"column":7}},"type":"if","locations":[{"start":{"line":7,"column":6},"end":{"line":11,"column":7}},{"start":{},"end":{}}],"line":7},"1":{"loc":{"start":{"line":7,"column":10},"end":{"line":7,"column":76}},"type":"binary-expr","locations":[{"start":{"line":7,"column":10},"end":{"line":7,"column":30}},{"start":{"line":7,"column":34},"end":{"line":7,"column":76}}],"line":7}},"s":{"0":2,"1":2,"2":6,"3":6,"4":6,"5":6,"6":2,"7":4,"8":4,"9":4,"10":2,"11":2,"12":2,"13":4,"14":2},"f":{"0":6,"1":6},"b":{"0":[2,4],"1":[6,4]},"_coverageSchema":"1a1c01bbd47fc00a2c39e90264f33305004495a9","hash":"f728c0a110d0e65a39f6f5ec316d2009fc5e0b40"}
,"/Users/ek_solution/BASE/CODES/projects/jabar_digital/auth_node/src/Infrastructures/repositories/PostgresAuthenticationRepository.js": {"path":"/Users/ek_solution/BASE/CODES/projects/jabar_digital/auth_node/src/Infrastructures/repositories/PostgresAuthenticationRepository.js","statementMap":{"0":{"start":{"line":1,"column":33},"end":{"line":1,"column":111}},"1":{"start":{"line":5,"column":4},"end":{"line":5,"column":12}},"2":{"start":{"line":6,"column":4},"end":{"line":6,"column":22}},"3":{"start":{"line":10,"column":18},"end":{"line":13,"column":5}},"4":{"start":{"line":15,"column":4},"end":{"line":20,"column":5}},"5":{"start":{"line":16,"column":6},"end":{"line":16,"column":36}},"6":{"start":{"line":18,"column":6},"end":{"line":18,"column":27}},"7":{"start":{"line":19,"column":6},"end":{"line":19,"column":68}},"8":{"start":{"line":24,"column":18},"end":{"line":27,"column":5}},"9":{"start":{"line":29,"column":4},"end":{"line":34,"column":5}},"10":{"start":{"line":30,"column":21},"end":{"line":30,"column":50}},"11":{"start":{"line":31,"column":6},"end":{"line":31,"column":36}},"12":{"start":{"line":33,"column":6},"end":{"line":33,"column":70}},"13":{"start":{"line":38,"column":18},"end":{"line":41,"column":5}},"14":{"start":{"line":43,"column":4},"end":{"line":47,"column":5}},"15":{"start":{"line":44,"column":6},"end":{"line":44,"column":36}},"16":{"start":{"line":46,"column":6},"end":{"line":46,"column":71}},"17":{"start":{"line":51,"column":0},"end":{"line":51,"column":50}}},"fnMap":{"0":{"name":"(anonymous_0)","decl":{"start":{"line":4,"column":2},"end":{"line":4,"column":3}},"loc":{"start":{"line":4,"column":24},"end":{"line":7,"column":3}},"line":4},"1":{"name":"(anonymous_1)","decl":{"start":{"line":9,"column":2},"end":{"line":9,"column":3}},"loc":{"start":{"line":9,"column":24},"end":{"line":21,"column":3}},"line":9},"2":{"name":"(anonymous_2)","decl":{"start":{"line":23,"column":2},"end":{"line":23,"column":3}},"loc":{"start":{"line":23,"column":28},"end":{"line":35,"column":3}},"line":23},"3":{"name":"(anonymous_3)","decl":{"start":{"line":37,"column":2},"end":{"line":37,"column":3}},"loc":{"start":{"line":37,"column":27},"end":{"line":48,"column":3}},"line":37}},"branchMap":{},"s":{"0":2,"1":8,"2":8,"3":2,"4":2,"5":2,"6":1,"7":1,"8":3,"9":3,"10":3,"11":2,"12":1,"13":2,"14":2,"15":2,"16":1,"17":2},"f":{"0":8,"1":2,"2":3,"3":2},"b":{},"_coverageSchema":"1a1c01bbd47fc00a2c39e90264f33305004495a9","hash":"a56b4e12fd674da44c146a01acea7615684f1b72"}
,"/Users/ek_solution/BASE/CODES/projects/jabar_digital/auth_node/src/Infrastructures/repositories/PostgresUserRepository.js": {"path":"/Users/ek_solution/BASE/CODES/projects/jabar_digital/auth_node/src/Infrastructures/repositories/PostgresUserRepository.js","statementMap":{"0":{"start":{"line":1,"column":22},"end":{"line":1,"column":71}},"1":{"start":{"line":2,"column":23},"end":{"line":2,"column":73}},"2":{"start":{"line":3,"column":28},"end":{"line":3,"column":83}},"3":{"start":{"line":4,"column":23},"end":{"line":4,"column":81}},"4":{"start":{"line":8,"column":4},"end":{"line":8,"column":12}},"5":{"start":{"line":9,"column":4},"end":{"line":9,"column":22}},"6":{"start":{"line":13,"column":21},"end":{"line":20,"column":5}},"7":{"start":{"line":22,"column":4},"end":{"line":35,"column":5}},"8":{"start":{"line":23,"column":21},"end":{"line":23,"column":53}},"9":{"start":{"line":25,"column":6},"end":{"line":27,"column":7}},"10":{"start":{"line":26,"column":8},"end":{"line":26,"column":50}},"11":{"start":{"line":29,"column":6},"end":{"line":29,"column":28}},"12":{"start":{"line":31,"column":6},"end":{"line":33,"column":7}},"13":{"start":{"line":32,"column":8},"end":{"line":32,"column":60}},"14":{"start":{"line":34,"column":6},"end":{"line":34,"column":18}},"15":{"start":{"line":39,"column":21},"end":{"line":47,"column":5}},"16":{"start":{"line":49,"column":19},"end":{"line":49,"column":51}},"17":{"start":{"line":51,"column":4},"end":{"line":53,"column":5}},"18":{"start":{"line":52,"column":6},"end":{"line":52,"column":48}},"19":{"start":{"line":55,"column":4},"end":{"line":55,"column":26}},"20":{"start":{"line":58,"column":18},"end":{"line":61,"column":5}},"21":{"start":{"line":63,"column":19},"end":{"line":63,"column":48}},"22":{"start":{"line":65,"column":4},"end":{"line":67,"column":5}},"23":{"start":{"line":66,"column":6},"end":{"line":66,"column":54}},"24":{"start":{"line":69,"column":4},"end":{"line":69,"column":35}},"25":{"start":{"line":73,"column":0},"end":{"line":73,"column":40}}},"fnMap":{"0":{"name":"(anonymous_0)","decl":{"start":{"line":7,"column":2},"end":{"line":7,"column":3}},"loc":{"start":{"line":7,"column":24},"end":{"line":10,"column":3}},"line":7},"1":{"name":"(anonymous_1)","decl":{"start":{"line":12,"column":2},"end":{"line":12,"column":3}},"loc":{"start":{"line":12,"column":41},"end":{"line":36,"column":3}},"line":12},"2":{"name":"(anonymous_2)","decl":{"start":{"line":38,"column":2},"end":{"line":38,"column":3}},"loc":{"start":{"line":38,"column":26},"end":{"line":56,"column":3}},"line":38},"3":{"name":"(anonymous_3)","decl":{"start":{"line":57,"column":2},"end":{"line":57,"column":3}},"loc":{"start":{"line":57,"column":30},"end":{"line":70,"column":3}},"line":57}},"branchMap":{"0":{"loc":{"start":{"line":25,"column":6},"end":{"line":27,"column":7}},"type":"if","locations":[{"start":{"line":25,"column":6},"end":{"line":27,"column":7}},{"start":{},"end":{}}],"line":25},"1":{"loc":{"start":{"line":31,"column":6},"end":{"line":33,"column":7}},"type":"if","locations":[{"start":{"line":31,"column":6},"end":{"line":33,"column":7}},{"start":{},"end":{}}],"line":31},"2":{"loc":{"start":{"line":51,"column":4},"end":{"line":53,"column":5}},"type":"if","locations":[{"start":{"line":51,"column":4},"end":{"line":53,"column":5}},{"start":{},"end":{}}],"line":51},"3":{"loc":{"start":{"line":65,"column":4},"end":{"line":67,"column":5}},"type":"if","locations":[{"start":{"line":65,"column":4},"end":{"line":67,"column":5}},{"start":{},"end":{}}],"line":65}},"s":{"0":2,"1":2,"2":2,"3":2,"4":11,"5":11,"6":8,"7":8,"8":8,"9":6,"10":1,"11":5,"12":3,"13":1,"14":2,"15":3,"16":3,"17":2,"18":1,"19":1,"20":3,"21":3,"22":2,"23":1,"24":1,"25":2},"f":{"0":11,"1":8,"2":3,"3":3},"b":{"0":[1,5],"1":[1,2],"2":[1,1],"3":[1,1]},"_coverageSchema":"1a1c01bbd47fc00a2c39e90264f33305004495a9","hash":"0a96611bfb388bd16c2ece5aae3ff65bf6d862ea"}
,"/Users/ek_solution/BASE/CODES/projects/jabar_digital/auth_node/src/Infrastructures/security/BcryptPasswordHash.js": {"path":"/Users/ek_solution/BASE/CODES/projects/jabar_digital/auth_node/src/Infrastructures/security/BcryptPasswordHash.js","statementMap":{"0":{"start":{"line":1,"column":25},"end":{"line":1,"column":76}},"1":{"start":{"line":2,"column":28},"end":{"line":2,"column":83}},"2":{"start":{"line":6,"column":4},"end":{"line":6,"column":12}},"3":{"start":{"line":7,"column":4},"end":{"line":7,"column":26}},"4":{"start":{"line":8,"column":4},"end":{"line":8,"column":32}},"5":{"start":{"line":12,"column":4},"end":{"line":12,"column":56}},"6":{"start":{"line":16,"column":19},"end":{"line":16,"column":71}},"7":{"start":{"line":18,"column":4},"end":{"line":20,"column":5}},"8":{"start":{"line":19,"column":6},"end":{"line":19,"column":65}},"9":{"start":{"line":24,"column":0},"end":{"line":24,"column":36}}},"fnMap":{"0":{"name":"(anonymous_0)","decl":{"start":{"line":5,"column":2},"end":{"line":5,"column":3}},"loc":{"start":{"line":5,"column":42},"end":{"line":9,"column":3}},"line":5},"1":{"name":"(anonymous_1)","decl":{"start":{"line":11,"column":2},"end":{"line":11,"column":3}},"loc":{"start":{"line":11,"column":23},"end":{"line":13,"column":3}},"line":11},"2":{"name":"(anonymous_2)","decl":{"start":{"line":15,"column":2},"end":{"line":15,"column":3}},"loc":{"start":{"line":15,"column":50},"end":{"line":21,"column":3}},"line":15}},"branchMap":{"0":{"loc":{"start":{"line":5,"column":24},"end":{"line":5,"column":38}},"type":"default-arg","locations":[{"start":{"line":5,"column":36},"end":{"line":5,"column":38}}],"line":5},"1":{"loc":{"start":{"line":18,"column":4},"end":{"line":20,"column":5}},"type":"if","locations":[{"start":{"line":18,"column":4},"end":{"line":20,"column":5}},{"start":{},"end":{}}],"line":18}},"s":{"0":2,"1":2,"2":4,"3":4,"4":4,"5":3,"6":2,"7":2,"8":1,"9":2},"f":{"0":4,"1":3,"2":2},"b":{"0":[3],"1":[1,1]},"_coverageSchema":"1a1c01bbd47fc00a2c39e90264f33305004495a9","hash":"ab33c61ec2db71b4885ea6f75da417da1656718b"}
,"/Users/ek_solution/BASE/CODES/projects/jabar_digital/auth_node/src/Infrastructures/security/JwtTokenManager.js": {"path":"/Users/ek_solution/BASE/CODES/projects/jabar_digital/auth_node/src/Infrastructures/security/JwtTokenManager.js","statementMap":{"0":{"start":{"line":1,"column":35},"end":{"line":1,"column":100}},"1":{"start":{"line":2,"column":23},"end":{"line":2,"column":73}},"2":{"start":{"line":6,"column":4},"end":{"line":6,"column":12}},"3":{"start":{"line":7,"column":4},"end":{"line":7,"column":20}},"4":{"start":{"line":9,"column":4},"end":{"line":11,"column":5}},"5":{"start":{"line":10,"column":6},"end":{"line":10,"column":66}},"6":{"start":{"line":15,"column":4},"end":{"line":17,"column":7}},"7":{"start":{"line":21,"column":4},"end":{"line":23,"column":7}},"8":{"start":{"line":27,"column":4},"end":{"line":31,"column":5}},"9":{"start":{"line":28,"column":6},"end":{"line":28,"column":61}},"10":{"start":{"line":30,"column":6},"end":{"line":30,"column":56}},"11":{"start":{"line":35,"column":20},"end":{"line":35,"column":43}},"12":{"start":{"line":36,"column":4},"end":{"line":38,"column":5}},"13":{"start":{"line":37,"column":6},"end":{"line":37,"column":57}},"14":{"start":{"line":39,"column":4},"end":{"line":39,"column":19}},"15":{"start":{"line":43,"column":0},"end":{"line":43,"column":33}}},"fnMap":{"0":{"name":"(anonymous_0)","decl":{"start":{"line":5,"column":2},"end":{"line":5,"column":3}},"loc":{"start":{"line":5,"column":23},"end":{"line":12,"column":3}},"line":5},"1":{"name":"(anonymous_1)","decl":{"start":{"line":14,"column":2},"end":{"line":14,"column":3}},"loc":{"start":{"line":14,"column":35},"end":{"line":18,"column":3}},"line":14},"2":{"name":"(anonymous_2)","decl":{"start":{"line":20,"column":2},"end":{"line":20,"column":3}},"loc":{"start":{"line":20,"column":36},"end":{"line":24,"column":3}},"line":20},"3":{"name":"(anonymous_3)","decl":{"start":{"line":26,"column":2},"end":{"line":26,"column":3}},"loc":{"start":{"line":26,"column":34},"end":{"line":32,"column":3}},"line":26},"4":{"name":"(anonymous_4)","decl":{"start":{"line":34,"column":2},"end":{"line":34,"column":3}},"loc":{"start":{"line":34,"column":29},"end":{"line":40,"column":3}},"line":34}},"branchMap":{"0":{"loc":{"start":{"line":9,"column":4},"end":{"line":11,"column":5}},"type":"if","locations":[{"start":{"line":9,"column":4},"end":{"line":11,"column":5}},{"start":{},"end":{}}],"line":9},"1":{"loc":{"start":{"line":9,"column":8},"end":{"line":9,"column":71}},"type":"binary-expr","locations":[{"start":{"line":9,"column":8},"end":{"line":9,"column":37}},{"start":{"line":9,"column":41},"end":{"line":9,"column":71}}],"line":9},"2":{"loc":{"start":{"line":36,"column":4},"end":{"line":38,"column":5}},"type":"if","locations":[{"start":{"line":36,"column":4},"end":{"line":38,"column":5}},{"start":{},"end":{}}],"line":36}},"s":{"0":2,"1":2,"2":9,"3":9,"4":9,"5":2,"6":2,"7":1,"8":2,"9":2,"10":1,"11":4,"12":4,"13":2,"14":2,"15":2},"f":{"0":9,"1":2,"2":1,"3":2,"4":4},"b":{"0":[2,7],"1":[9,8],"2":[2,2]},"_coverageSchema":"1a1c01bbd47fc00a2c39e90264f33305004495a9","hash":"d15ef09a0c1c57e7b1c1b3453374c11dbb9dffe1"}
,"/Users/ek_solution/BASE/CODES/projects/jabar_digital/auth_node/src/Interfaces/http/api/users/UserController.js": {"path":"/Users/ek_solution/BASE/CODES/projects/jabar_digital/auth_node/src/Interfaces/http/api/users/UserController.js","statementMap":{"0":{"start":{"line":1,"column":23},"end":{"line":1,"column":79}},"1":{"start":{"line":4,"column":4},"end":{"line":4,"column":42}},"2":{"start":{"line":5,"column":4},"end":{"line":5,"column":46}},"3":{"start":{"line":9,"column":4},"end":{"line":15,"column":5}},"4":{"start":{"line":10,"column":28},"end":{"line":10,"column":36}},"5":{"start":{"line":11,"column":19},"end":{"line":11,"column":68}},"6":{"start":{"line":12,"column":6},"end":{"line":12,"column":33}},"7":{"start":{"line":14,"column":6},"end":{"line":14,"column":18}},"8":{"start":{"line":19,"column":4},"end":{"line":30,"column":5}},"9":{"start":{"line":20,"column":32},"end":{"line":20,"column":40}},"10":{"start":{"line":22,"column":6},"end":{"line":24,"column":7}},"11":{"start":{"line":23,"column":8},"end":{"line":23,"column":60}},"12":{"start":{"line":26,"column":19},"end":{"line":26,"column":74}},"13":{"start":{"line":27,"column":6},"end":{"line":27,"column":33}},"14":{"start":{"line":29,"column":6},"end":{"line":29,"column":18}},"15":{"start":{"line":34,"column":4},"end":{"line":45,"column":5}},"16":{"start":{"line":35,"column":25},"end":{"line":35,"column":33}},"17":{"start":{"line":36,"column":6},"end":{"line":38,"column":7}},"18":{"start":{"line":37,"column":8},"end":{"line":37,"column":47}},"19":{"start":{"line":39,"column":6},"end":{"line":42,"column":9}},"20":{"start":{"line":44,"column":6},"end":{"line":44,"column":18}},"21":{"start":{"line":49,"column":0},"end":{"line":49,"column":32}}},"fnMap":{"0":{"name":"(anonymous_0)","decl":{"start":{"line":3,"column":2},"end":{"line":3,"column":3}},"loc":{"start":{"line":3,"column":52},"end":{"line":6,"column":3}},"line":3},"1":{"name":"(anonymous_1)","decl":{"start":{"line":8,"column":2},"end":{"line":8,"column":3}},"loc":{"start":{"line":8,"column":33},"end":{"line":16,"column":3}},"line":8},"2":{"name":"(anonymous_2)","decl":{"start":{"line":18,"column":2},"end":{"line":18,"column":3}},"loc":{"start":{"line":18,"column":30},"end":{"line":31,"column":3}},"line":18},"3":{"name":"(anonymous_3)","decl":{"start":{"line":33,"column":2},"end":{"line":33,"column":3}},"loc":{"start":{"line":33,"column":41},"end":{"line":46,"column":3}},"line":33}},"branchMap":{"0":{"loc":{"start":{"line":22,"column":6},"end":{"line":24,"column":7}},"type":"if","locations":[{"start":{"line":22,"column":6},"end":{"line":24,"column":7}},{"start":{},"end":{}}],"line":22},"1":{"loc":{"start":{"line":22,"column":10},"end":{"line":22,"column":27}},"type":"binary-expr","locations":[{"start":{"line":22,"column":10},"end":{"line":22,"column":14}},{"start":{"line":22,"column":18},"end":{"line":22,"column":27}}],"line":22},"2":{"loc":{"start":{"line":36,"column":6},"end":{"line":38,"column":7}},"type":"if","locations":[{"start":{"line":36,"column":6},"end":{"line":38,"column":7}},{"start":{},"end":{}}],"line":36}},"s":{"0":1,"1":6,"2":6,"3":2,"4":2,"5":2,"6":1,"7":1,"8":2,"9":2,"10":2,"11":1,"12":1,"13":1,"14":1,"15":2,"16":2,"17":2,"18":1,"19":1,"20":1,"21":1},"f":{"0":6,"1":2,"2":2,"3":2},"b":{"0":[1,1],"1":[2,2],"2":[1,1]},"_coverageSchema":"1a1c01bbd47fc00a2c39e90264f33305004495a9","hash":"538e27a566be3d0349cf7632125d155e3a3fb0a3"}
,"/Users/ek_solution/BASE/CODES/projects/jabar_digital/auth_node/src/Interfaces/http/api/users/userRoutes.js": {"path":"/Users/ek_solution/BASE/CODES/projects/jabar_digital/auth_node/src/Interfaces/http/api/users/userRoutes.js","statementMap":{"0":{"start":{"line":1,"column":16},"end":{"line":1,"column":34}},"1":{"start":{"line":2,"column":24},"end":{"line":2,"column":49}},"2":{"start":{"line":3,"column":23},"end":{"line":3,"column":50}},"3":{"start":{"line":4,"column":23},"end":{"line":4,"column":92}},"4":{"start":{"line":6,"column":15},"end":{"line":6,"column":31}},"5":{"start":{"line":9,"column":12},"end":{"line":9,"column":39}},"6":{"start":{"line":12,"column":0},"end":{"line":12,"column":42}},"7":{"start":{"line":13,"column":0},"end":{"line":13,"column":36}},"8":{"start":{"line":16,"column":23},"end":{"line":21,"column":3}},"9":{"start":{"line":17,"column":2},"end":{"line":21,"column":3}},"10":{"start":{"line":22,"column":0},"end":{"line":22,"column":71}},"11":{"start":{"line":24,"column":0},"end":{"line":24,"column":24}}},"fnMap":{"0":{"name":"(anonymous_0)","decl":{"start":{"line":16,"column":23},"end":{"line":16,"column":24}},"loc":{"start":{"line":17,"column":2},"end":{"line":21,"column":3}},"line":17}},"branchMap":{},"s":{"0":1,"1":1,"2":1,"3":1,"4":1,"5":1,"6":1,"7":1,"8":1,"9":3,"10":1,"11":1},"f":{"0":3},"b":{},"_coverageSchema":"1a1c01bbd47fc00a2c39e90264f33305004495a9","hash":"7257f34b9d77fc6f8d057e3348578d190889b7ba"}
,"/Users/ek_solution/BASE/CODES/projects/jabar_digital/auth_node/tests/AuthenticationsTableTestHelper.js": {"path":"/Users/ek_solution/BASE/CODES/projects/jabar_digital/auth_node/tests/AuthenticationsTableTestHelper.js","statementMap":{"0":{"start":{"line":1,"column":13},"end":{"line":1,"column":69}},"1":{"start":{"line":3,"column":39},"end":{"line":24,"column":1}},"2":{"start":{"line":5,"column":4},"end":{"line":5,"column":63}},"3":{"start":{"line":9,"column":18},"end":{"line":12,"column":5}},"4":{"start":{"line":13,"column":4},"end":{"line":13,"column":28}},"5":{"start":{"line":17,"column":18},"end":{"line":20,"column":5}},"6":{"start":{"line":21,"column":19},"end":{"line":21,"column":42}},"7":{"start":{"line":22,"column":4},"end":{"line":22,"column":34}},"8":{"start":{"line":26,"column":0},"end":{"line":26,"column":48}}},"fnMap":{"0":{"name":"(anonymous_0)","decl":{"start":{"line":4,"column":2},"end":{"line":4,"column":3}},"loc":{"start":{"line":4,"column":21},"end":{"line":6,"column":3}},"line":4},"1":{"name":"(anonymous_1)","decl":{"start":{"line":8,"column":2},"end":{"line":8,"column":3}},"loc":{"start":{"line":8,"column":24},"end":{"line":14,"column":3}},"line":8},"2":{"name":"(anonymous_2)","decl":{"start":{"line":16,"column":2},"end":{"line":16,"column":3}},"loc":{"start":{"line":16,"column":29},"end":{"line":23,"column":3}},"line":16}},"branchMap":{},"s":{"0":1,"1":1,"2":7,"3":2,"4":2,"5":2,"6":2,"7":2,"8":1},"f":{"0":7,"1":2,"2":2},"b":{},"_coverageSchema":"1a1c01bbd47fc00a2c39e90264f33305004495a9","hash":"eaf2f03760f7838fa873d50468629fde7f5c2ea1"}
}
