{"/Users/ek_solution/BASE/CODES/projects/jabar_digital/auth_node/src/Applications/repositories/UserRepository.js": {"path":"/Users/ek_solution/BASE/CODES/projects/jabar_digital/auth_node/src/Applications/repositories/UserRepository.js","statementMap":{"0":{"start":{"line":8,"column":4},"end":{"line":8,"column":62}},"1":{"start":{"line":17,"column":4},"end":{"line":17,"column":62}},"2":{"start":{"line":21,"column":0},"end":{"line":21,"column":32}}},"fnMap":{"0":{"name":"(anonymous_0)","decl":{"start":{"line":7,"column":2},"end":{"line":7,"column":3}},"loc":{"start":{"line":7,"column":22},"end":{"line":9,"column":3}},"line":7},"1":{"name":"(anonymous_1)","decl":{"start":{"line":16,"column":2},"end":{"line":16,"column":3}},"loc":{"start":{"line":16,"column":27},"end":{"line":18,"column":3}},"line":16}},"branchMap":{},"s":{"0":1,"1":1,"2":5},"f":{"0":1,"1":1},"b":{},"_coverageSchema":"1a1c01bbd47fc00a2c39e90264f33305004495a9","hash":"1b1459a94d1b1265de53b29d49054973c3ac727e"}
,"/Users/ek_solution/BASE/CODES/projects/jabar_digital/auth_node/src/Applications/use_cases/AddUserUseCase.js": {"path":"/Users/ek_solution/BASE/CODES/projects/jabar_digital/auth_node/src/Applications/use_cases/AddUserUseCase.js","statementMap":{"0":{"start":{"line":1,"column":15},"end":{"line":1,"column":32}},"1":{"start":{"line":2,"column":20},"end":{"line":2,"column":62}},"2":{"start":{"line":6,"column":4},"end":{"line":6,"column":42}},"3":{"start":{"line":11,"column":4},"end":{"line":13,"column":5}},"4":{"start":{"line":12,"column":6},"end":{"line":12,"column":61}},"5":{"start":{"line":16,"column":26},"end":{"line":16,"column":68}},"6":{"start":{"line":19,"column":27},"end":{"line":19,"column":63}},"7":{"start":{"line":22,"column":17},"end":{"line":26,"column":6}},"8":{"start":{"line":29,"column":4},"end":{"line":34,"column":6}},"9":{"start":{"line":38,"column":0},"end":{"line":38,"column":32}}},"fnMap":{"0":{"name":"(anonymous_0)","decl":{"start":{"line":5,"column":2},"end":{"line":5,"column":3}},"loc":{"start":{"line":5,"column":34},"end":{"line":7,"column":3}},"line":5},"1":{"name":"(anonymous_1)","decl":{"start":{"line":9,"column":2},"end":{"line":9,"column":3}},"loc":{"start":{"line":9,"column":31},"end":{"line":35,"column":3}},"line":9}},"branchMap":{"0":{"loc":{"start":{"line":11,"column":4},"end":{"line":13,"column":5}},"type":"if","locations":[{"start":{"line":11,"column":4},"end":{"line":13,"column":5}},{"start":{},"end":{}}],"line":11}},"s":{"0":2,"1":2,"2":3,"3":4,"4":2,"5":2,"6":2,"7":2,"8":2,"9":2},"f":{"0":3,"1":4},"b":{"0":[2,2]},"_coverageSchema":"1a1c01bbd47fc00a2c39e90264f33305004495a9","hash":"e9323ab2a08b1e36df05aef5ea51f4b629f6c01f"}
,"/Users/ek_solution/BASE/CODES/projects/jabar_digital/auth_node/src/Commons/exceptions/AuthenticationError.js": {"path":"/Users/ek_solution/BASE/CODES/projects/jabar_digital/auth_node/src/Commons/exceptions/AuthenticationError.js","statementMap":{"0":{"start":{"line":1,"column":20},"end":{"line":1,"column":44}},"1":{"start":{"line":5,"column":4},"end":{"line":5,"column":24}},"2":{"start":{"line":6,"column":4},"end":{"line":6,"column":38}},"3":{"start":{"line":10,"column":0},"end":{"line":10,"column":37}}},"fnMap":{"0":{"name":"(anonymous_0)","decl":{"start":{"line":4,"column":2},"end":{"line":4,"column":3}},"loc":{"start":{"line":4,"column":23},"end":{"line":7,"column":3}},"line":4}},"branchMap":{},"s":{"0":1,"1":1,"2":1,"3":1},"f":{"0":1},"b":{},"_coverageSchema":"1a1c01bbd47fc00a2c39e90264f33305004495a9","hash":"2a70636afb7e7bb1801f96bf8121088267a718ff"}
,"/Users/ek_solution/BASE/CODES/projects/jabar_digital/auth_node/src/Commons/exceptions/AuthorizationError.js": {"path":"/Users/ek_solution/BASE/CODES/projects/jabar_digital/auth_node/src/Commons/exceptions/AuthorizationError.js","statementMap":{"0":{"start":{"line":1,"column":20},"end":{"line":1,"column":44}},"1":{"start":{"line":5,"column":4},"end":{"line":5,"column":24}},"2":{"start":{"line":6,"column":4},"end":{"line":6,"column":37}},"3":{"start":{"line":10,"column":0},"end":{"line":10,"column":36}}},"fnMap":{"0":{"name":"(anonymous_0)","decl":{"start":{"line":4,"column":2},"end":{"line":4,"column":3}},"loc":{"start":{"line":4,"column":23},"end":{"line":7,"column":3}},"line":4}},"branchMap":{},"s":{"0":3,"1":1,"2":1,"3":3},"f":{"0":1},"b":{},"_coverageSchema":"1a1c01bbd47fc00a2c39e90264f33305004495a9","hash":"d16eec71e715a428e168f958a0952ee4caf2cb4c"}
,"/Users/ek_solution/BASE/CODES/projects/jabar_digital/auth_node/src/Commons/exceptions/ClientError.js": {"path":"/Users/ek_solution/BASE/CODES/projects/jabar_digital/auth_node/src/Commons/exceptions/ClientError.js","statementMap":{"0":{"start":{"line":3,"column":4},"end":{"line":3,"column":19}},"1":{"start":{"line":5,"column":4},"end":{"line":7,"column":5}},"2":{"start":{"line":6,"column":6},"end":{"line":6,"column":59}},"3":{"start":{"line":9,"column":4},"end":{"line":9,"column":33}},"4":{"start":{"line":10,"column":4},"end":{"line":10,"column":30}},"5":{"start":{"line":14,"column":0},"end":{"line":14,"column":29}}},"fnMap":{"0":{"name":"(anonymous_0)","decl":{"start":{"line":2,"column":2},"end":{"line":2,"column":3}},"loc":{"start":{"line":2,"column":41},"end":{"line":11,"column":3}},"line":2}},"branchMap":{"0":{"loc":{"start":{"line":2,"column":23},"end":{"line":2,"column":39}},"type":"default-arg","locations":[{"start":{"line":2,"column":36},"end":{"line":2,"column":39}}],"line":2},"1":{"loc":{"start":{"line":5,"column":4},"end":{"line":7,"column":5}},"type":"if","locations":[{"start":{"line":5,"column":4},"end":{"line":7,"column":5}},{"start":{},"end":{}}],"line":5}},"s":{"0":15,"1":15,"2":1,"3":14,"4":14,"5":9},"f":{"0":15},"b":{"0":[11],"1":[1,14]},"_coverageSchema":"1a1c01bbd47fc00a2c39e90264f33305004495a9","hash":"c6acad4b2610ea782cf93502a5a493d734b8234a"}
,"/Users/ek_solution/BASE/CODES/projects/jabar_digital/auth_node/src/Commons/exceptions/DomainErrorTranslator.js": {"path":"/Users/ek_solution/BASE/CODES/projects/jabar_digital/auth_node/src/Commons/exceptions/DomainErrorTranslator.js","statementMap":{"0":{"start":{"line":1,"column":23},"end":{"line":1,"column":50}},"1":{"start":{"line":2,"column":27},"end":{"line":2,"column":58}},"2":{"start":{"line":3,"column":22},"end":{"line":3,"column":48}},"3":{"start":{"line":5,"column":30},"end":{"line":9,"column":1}},"4":{"start":{"line":7,"column":4},"end":{"line":7,"column":70}},"5":{"start":{"line":11,"column":0},"end":{"line":18,"column":2}},"6":{"start":{"line":20,"column":0},"end":{"line":20,"column":39}}},"fnMap":{"0":{"name":"(anonymous_0)","decl":{"start":{"line":6,"column":2},"end":{"line":6,"column":3}},"loc":{"start":{"line":6,"column":19},"end":{"line":8,"column":3}},"line":6}},"branchMap":{"0":{"loc":{"start":{"line":7,"column":11},"end":{"line":7,"column":69}},"type":"binary-expr","locations":[{"start":{"line":7,"column":11},"end":{"line":7,"column":60}},{"start":{"line":7,"column":64},"end":{"line":7,"column":69}}],"line":7}},"s":{"0":2,"1":2,"2":2,"3":2,"4":5,"5":2,"6":2},"f":{"0":5},"b":{"0":[5,2]},"_coverageSchema":"1a1c01bbd47fc00a2c39e90264f33305004495a9","hash":"97c09906770cc667f4286a0171698e9a731e420b"}
,"/Users/ek_solution/BASE/CODES/projects/jabar_digital/auth_node/src/Commons/exceptions/InvariantError.js": {"path":"/Users/ek_solution/BASE/CODES/projects/jabar_digital/auth_node/src/Commons/exceptions/InvariantError.js","statementMap":{"0":{"start":{"line":1,"column":20},"end":{"line":1,"column":44}},"1":{"start":{"line":5,"column":4},"end":{"line":5,"column":19}},"2":{"start":{"line":6,"column":4},"end":{"line":6,"column":33}},"3":{"start":{"line":10,"column":0},"end":{"line":10,"column":32}}},"fnMap":{"0":{"name":"(anonymous_0)","decl":{"start":{"line":4,"column":2},"end":{"line":4,"column":3}},"loc":{"start":{"line":4,"column":23},"end":{"line":7,"column":3}},"line":4}},"branchMap":{},"s":{"0":5,"1":10,"2":10,"3":5},"f":{"0":10},"b":{},"_coverageSchema":"1a1c01bbd47fc00a2c39e90264f33305004495a9","hash":"00d10168623d5c97aedad08d07a4db756ecf92ef"}
,"/Users/ek_solution/BASE/CODES/projects/jabar_digital/auth_node/src/Commons/exceptions/NotFoundError.js": {"path":"/Users/ek_solution/BASE/CODES/projects/jabar_digital/auth_node/src/Commons/exceptions/NotFoundError.js","statementMap":{"0":{"start":{"line":1,"column":20},"end":{"line":1,"column":44}},"1":{"start":{"line":5,"column":4},"end":{"line":5,"column":24}},"2":{"start":{"line":6,"column":4},"end":{"line":6,"column":32}},"3":{"start":{"line":10,"column":0},"end":{"line":10,"column":31}}},"fnMap":{"0":{"name":"(anonymous_0)","decl":{"start":{"line":4,"column":2},"end":{"line":4,"column":3}},"loc":{"start":{"line":4,"column":23},"end":{"line":7,"column":3}},"line":4}},"branchMap":{},"s":{"0":4,"1":2,"2":2,"3":4},"f":{"0":2},"b":{},"_coverageSchema":"1a1c01bbd47fc00a2c39e90264f33305004495a9","hash":"c9aae9ff6c8b710bf4a1bf0e93846ff0b3116229"}
,"/Users/ek_solution/BASE/CODES/projects/jabar_digital/auth_node/src/Commons/utils/validateNIK.js": {"path":"/Users/ek_solution/BASE/CODES/projects/jabar_digital/auth_node/src/Commons/utils/validateNIK.js","statementMap":{"0":{"start":{"line":1,"column":20},"end":{"line":4,"column":1}},"1":{"start":{"line":2,"column":16},"end":{"line":2,"column":26}},"2":{"start":{"line":3,"column":2},"end":{"line":3,"column":25}},"3":{"start":{"line":6,"column":0},"end":{"line":6,"column":29}}},"fnMap":{"0":{"name":"(anonymous_0)","decl":{"start":{"line":1,"column":20},"end":{"line":1,"column":21}},"loc":{"start":{"line":1,"column":29},"end":{"line":4,"column":1}},"line":1}},"branchMap":{},"s":{"0":3,"1":7,"2":7,"3":3},"f":{"0":7},"b":{},"_coverageSchema":"1a1c01bbd47fc00a2c39e90264f33305004495a9","hash":"dcdfd165bc97f8bf99150191cb679acf2bbfe788"}
,"/Users/ek_solution/BASE/CODES/projects/jabar_digital/auth_node/src/Infrastructures/container.js": {"path":"/Users/ek_solution/BASE/CODES/projects/jabar_digital/auth_node/src/Infrastructures/container.js","statementMap":{"0":{"start":{"line":1,"column":46},"end":{"line":1,"column":63}},"1":{"start":{"line":2,"column":13},"end":{"line":2,"column":48}},"2":{"start":{"line":3,"column":31},"end":{"line":3,"column":96}},"3":{"start":{"line":4,"column":23},"end":{"line":4,"column":74}},"4":{"start":{"line":7,"column":18},"end":{"line":7,"column":35}},"5":{"start":{"line":10,"column":0},"end":{"line":19,"column":3}},"6":{"start":{"line":21,"column":0},"end":{"line":21,"column":27}}},"fnMap":{},"branchMap":{},"s":{"0":1,"1":1,"2":1,"3":1,"4":1,"5":1,"6":1},"f":{},"b":{},"_coverageSchema":"1a1c01bbd47fc00a2c39e90264f33305004495a9","hash":"b321ca2445102bc11f9615ceecf01c6977d18765"}
,"/Users/ek_solution/BASE/CODES/projects/jabar_digital/auth_node/src/Infrastructures/http/createServer.js": {"path":"/Users/ek_solution/BASE/CODES/projects/jabar_digital/auth_node/src/Infrastructures/http/createServer.js","statementMap":{"0":{"start":{"line":1,"column":16},"end":{"line":1,"column":34}},"1":{"start":{"line":2,"column":19},"end":{"line":2,"column":41}},"2":{"start":{"line":3,"column":28},"end":{"line":3,"column":53}},"3":{"start":{"line":4,"column":18},"end":{"line":4,"column":41}},"4":{"start":{"line":5,"column":19},"end":{"line":5,"column":72}},"5":{"start":{"line":6,"column":30},"end":{"line":6,"column":87}},"6":{"start":{"line":7,"column":20},"end":{"line":7,"column":67}},"7":{"start":{"line":9,"column":21},"end":{"line":42,"column":1}},"8":{"start":{"line":10,"column":14},"end":{"line":10,"column":23}},"9":{"start":{"line":13,"column":2},"end":{"line":13,"column":29}},"10":{"start":{"line":16,"column":2},"end":{"line":16,"column":38}},"11":{"start":{"line":19,"column":2},"end":{"line":19,"column":32}},"12":{"start":{"line":22,"column":2},"end":{"line":22,"column":66}},"13":{"start":{"line":22,"column":29},"end":{"line":22,"column":64}},"14":{"start":{"line":25,"column":2},"end":{"line":39,"column":5}},"15":{"start":{"line":26,"column":28},"end":{"line":26,"column":64}},"16":{"start":{"line":28,"column":4},"end":{"line":33,"column":5}},"17":{"start":{"line":29,"column":6},"end":{"line":32,"column":9}},"18":{"start":{"line":35,"column":4},"end":{"line":38,"column":7}},"19":{"start":{"line":41,"column":2},"end":{"line":41,"column":13}},"20":{"start":{"line":44,"column":0},"end":{"line":44,"column":30}}},"fnMap":{"0":{"name":"(anonymous_0)","decl":{"start":{"line":9,"column":21},"end":{"line":9,"column":22}},"loc":{"start":{"line":9,"column":27},"end":{"line":42,"column":1}},"line":9},"1":{"name":"(anonymous_1)","decl":{"start":{"line":22,"column":15},"end":{"line":22,"column":16}},"loc":{"start":{"line":22,"column":29},"end":{"line":22,"column":64}},"line":22},"2":{"name":"(anonymous_2)","decl":{"start":{"line":25,"column":10},"end":{"line":25,"column":11}},"loc":{"start":{"line":25,"column":35},"end":{"line":39,"column":3}},"line":25}},"branchMap":{"0":{"loc":{"start":{"line":28,"column":4},"end":{"line":33,"column":5}},"type":"if","locations":[{"start":{"line":28,"column":4},"end":{"line":33,"column":5}},{"start":{},"end":{}}],"line":28}},"s":{"0":1,"1":1,"2":1,"3":1,"4":1,"5":1,"6":1,"7":1,"8":1,"9":1,"10":1,"11":1,"12":1,"13":0,"14":1,"15":2,"16":2,"17":1,"18":1,"19":1,"20":1},"f":{"0":1,"1":0,"2":2},"b":{"0":[1,1]},"_coverageSchema":"1a1c01bbd47fc00a2c39e90264f33305004495a9","hash":"984d5a8cfadbda768e0ec92a191836c6890db8fa"}
,"/Users/ek_solution/BASE/CODES/projects/jabar_digital/auth_node/src/Infrastructures/repositories/InMemoryUserRepository.js": {"path":"/Users/ek_solution/BASE/CODES/projects/jabar_digital/auth_node/src/Infrastructures/repositories/InMemoryUserRepository.js","statementMap":{"0":{"start":{"line":1,"column":23},"end":{"line":1,"column":80}},"1":{"start":{"line":5,"column":4},"end":{"line":5,"column":12}},"2":{"start":{"line":6,"column":4},"end":{"line":6,"column":21}},"3":{"start":{"line":10,"column":15},"end":{"line":10,"column":37}},"4":{"start":{"line":11,"column":17},"end":{"line":11,"column":44}},"5":{"start":{"line":12,"column":4},"end":{"line":12,"column":27}},"6":{"start":{"line":13,"column":4},"end":{"line":13,"column":16}},"7":{"start":{"line":17,"column":4},"end":{"line":17,"column":64}},"8":{"start":{"line":17,"column":38},"end":{"line":17,"column":54}},"9":{"start":{"line":21,"column":0},"end":{"line":21,"column":40}}},"fnMap":{"0":{"name":"(anonymous_0)","decl":{"start":{"line":4,"column":2},"end":{"line":4,"column":3}},"loc":{"start":{"line":4,"column":16},"end":{"line":7,"column":3}},"line":4},"1":{"name":"(anonymous_1)","decl":{"start":{"line":9,"column":2},"end":{"line":9,"column":3}},"loc":{"start":{"line":9,"column":41},"end":{"line":14,"column":3}},"line":9},"2":{"name":"(anonymous_2)","decl":{"start":{"line":16,"column":2},"end":{"line":16,"column":3}},"loc":{"start":{"line":16,"column":27},"end":{"line":18,"column":3}},"line":16},"3":{"name":"(anonymous_3)","decl":{"start":{"line":17,"column":28},"end":{"line":17,"column":29}},"loc":{"start":{"line":17,"column":38},"end":{"line":17,"column":54}},"line":17}},"branchMap":{"0":{"loc":{"start":{"line":17,"column":11},"end":{"line":17,"column":63}},"type":"binary-expr","locations":[{"start":{"line":17,"column":11},"end":{"line":17,"column":55}},{"start":{"line":17,"column":59},"end":{"line":17,"column":63}}],"line":17}},"s":{"0":1,"1":4,"2":4,"3":4,"4":4,"5":4,"6":4,"7":2,"8":1,"9":1},"f":{"0":4,"1":4,"2":2,"3":1},"b":{"0":[2,1]},"_coverageSchema":"1a1c01bbd47fc00a2c39e90264f33305004495a9","hash":"6dd69097e8efe9e452581f6a9e95e72a122a11f2"}
,"/Users/ek_solution/BASE/CODES/projects/jabar_digital/auth_node/src/Infrastructures/repositories/PostgresUserRepository.js": {"path":"/Users/ek_solution/BASE/CODES/projects/jabar_digital/auth_node/src/Infrastructures/repositories/PostgresUserRepository.js","statementMap":{"0":{"start":{"line":1,"column":22},"end":{"line":1,"column":71}},"1":{"start":{"line":2,"column":23},"end":{"line":2,"column":73}},"2":{"start":{"line":3,"column":23},"end":{"line":3,"column":80}},"3":{"start":{"line":7,"column":4},"end":{"line":7,"column":12}},"4":{"start":{"line":8,"column":4},"end":{"line":8,"column":22}},"5":{"start":{"line":12,"column":21},"end":{"line":20,"column":5}},"6":{"start":{"line":22,"column":4},"end":{"line":36,"column":5}},"7":{"start":{"line":23,"column":21},"end":{"line":23,"column":53}},"8":{"start":{"line":25,"column":6},"end":{"line":27,"column":7}},"9":{"start":{"line":26,"column":8},"end":{"line":26,"column":60}},"10":{"start":{"line":29,"column":6},"end":{"line":29,"column":28}},"11":{"start":{"line":31,"column":6},"end":{"line":33,"column":7}},"12":{"start":{"line":32,"column":8},"end":{"line":32,"column":71}},"13":{"start":{"line":34,"column":6},"end":{"line":34,"column":27}},"14":{"start":{"line":35,"column":6},"end":{"line":35,"column":18}},"15":{"start":{"line":40,"column":21},"end":{"line":48,"column":5}},"16":{"start":{"line":50,"column":19},"end":{"line":50,"column":51}},"17":{"start":{"line":52,"column":4},"end":{"line":54,"column":5}},"18":{"start":{"line":53,"column":6},"end":{"line":53,"column":59}},"19":{"start":{"line":56,"column":4},"end":{"line":56,"column":26}},"20":{"start":{"line":60,"column":0},"end":{"line":60,"column":40}}},"fnMap":{"0":{"name":"(anonymous_0)","decl":{"start":{"line":6,"column":2},"end":{"line":6,"column":3}},"loc":{"start":{"line":6,"column":24},"end":{"line":9,"column":3}},"line":6},"1":{"name":"(anonymous_1)","decl":{"start":{"line":11,"column":2},"end":{"line":11,"column":3}},"loc":{"start":{"line":11,"column":41},"end":{"line":37,"column":3}},"line":11},"2":{"name":"(anonymous_2)","decl":{"start":{"line":39,"column":2},"end":{"line":39,"column":3}},"loc":{"start":{"line":39,"column":27},"end":{"line":57,"column":3}},"line":39}},"branchMap":{"0":{"loc":{"start":{"line":25,"column":6},"end":{"line":27,"column":7}},"type":"if","locations":[{"start":{"line":25,"column":6},"end":{"line":27,"column":7}},{"start":{},"end":{}}],"line":25},"1":{"loc":{"start":{"line":31,"column":6},"end":{"line":33,"column":7}},"type":"if","locations":[{"start":{"line":31,"column":6},"end":{"line":33,"column":7}},{"start":{},"end":{}}],"line":31},"2":{"loc":{"start":{"line":52,"column":4},"end":{"line":54,"column":5}},"type":"if","locations":[{"start":{"line":52,"column":4},"end":{"line":54,"column":5}},{"start":{},"end":{}}],"line":52}},"s":{"0":2,"1":2,"2":2,"3":7,"4":7,"5":8,"6":8,"7":8,"8":5,"9":1,"10":4,"11":4,"12":2,"13":2,"14":2,"15":2,"16":2,"17":2,"18":1,"19":1,"20":2},"f":{"0":7,"1":8,"2":2},"b":{"0":[1,4],"1":[2,2],"2":[1,1]},"_coverageSchema":"1a1c01bbd47fc00a2c39e90264f33305004495a9","hash":"4b4ab0b0bccbb514ab2987bc8cefbbf5e61028cc"}
,"/Users/ek_solution/BASE/CODES/projects/jabar_digital/auth_node/src/Infrastructures/repositories/SQLiteUserRepository.js": {"path":"/Users/ek_solution/BASE/CODES/projects/jabar_digital/auth_node/src/Infrastructures/repositories/SQLiteUserRepository.js","statementMap":{"0":{"start":{"line":1,"column":23},"end":{"line":1,"column":73}},"1":{"start":{"line":2,"column":23},"end":{"line":2,"column":80}},"2":{"start":{"line":3,"column":16},"end":{"line":3,"column":44}},"3":{"start":{"line":7,"column":4},"end":{"line":7,"column":12}},"4":{"start":{"line":8,"column":4},"end":{"line":8,"column":50}},"5":{"start":{"line":9,"column":4},"end":{"line":16,"column":7}},"6":{"start":{"line":20,"column":4},"end":{"line":36,"column":7}},"7":{"start":{"line":21,"column":20},"end":{"line":24,"column":7}},"8":{"start":{"line":25,"column":6},"end":{"line":35,"column":9}},"9":{"start":{"line":26,"column":8},"end":{"line":33,"column":9}},"10":{"start":{"line":27,"column":10},"end":{"line":31,"column":11}},"11":{"start":{"line":28,"column":12},"end":{"line":30,"column":14}},"12":{"start":{"line":32,"column":10},"end":{"line":32,"column":29}},"13":{"start":{"line":34,"column":8},"end":{"line":34,"column":58}},"14":{"start":{"line":40,"column":4},"end":{"line":50,"column":7}},"15":{"start":{"line":41,"column":20},"end":{"line":45,"column":7}},"16":{"start":{"line":46,"column":6},"end":{"line":49,"column":9}},"17":{"start":{"line":47,"column":8},"end":{"line":47,"column":36}},"18":{"start":{"line":47,"column":17},"end":{"line":47,"column":36}},"19":{"start":{"line":48,"column":8},"end":{"line":48,"column":29}},"20":{"start":{"line":54,"column":0},"end":{"line":54,"column":38}}},"fnMap":{"0":{"name":"(anonymous_0)","decl":{"start":{"line":6,"column":2},"end":{"line":6,"column":3}},"loc":{"start":{"line":6,"column":28},"end":{"line":17,"column":3}},"line":6},"1":{"name":"(anonymous_1)","decl":{"start":{"line":19,"column":2},"end":{"line":19,"column":3}},"loc":{"start":{"line":19,"column":41},"end":{"line":37,"column":3}},"line":19},"2":{"name":"(anonymous_2)","decl":{"start":{"line":20,"column":23},"end":{"line":20,"column":24}},"loc":{"start":{"line":20,"column":44},"end":{"line":36,"column":5}},"line":20},"3":{"name":"(anonymous_3)","decl":{"start":{"line":25,"column":49},"end":{"line":25,"column":50}},"loc":{"start":{"line":25,"column":64},"end":{"line":35,"column":7}},"line":25},"4":{"name":"(anonymous_4)","decl":{"start":{"line":39,"column":2},"end":{"line":39,"column":3}},"loc":{"start":{"line":39,"column":27},"end":{"line":51,"column":3}},"line":39},"5":{"name":"(anonymous_5)","decl":{"start":{"line":40,"column":23},"end":{"line":40,"column":24}},"loc":{"start":{"line":40,"column":44},"end":{"line":50,"column":5}},"line":40},"6":{"name":"(anonymous_6)","decl":{"start":{"line":46,"column":33},"end":{"line":46,"column":34}},"loc":{"start":{"line":46,"column":47},"end":{"line":49,"column":7}},"line":46}},"branchMap":{"0":{"loc":{"start":{"line":26,"column":8},"end":{"line":33,"column":9}},"type":"if","locations":[{"start":{"line":26,"column":8},"end":{"line":33,"column":9}},{"start":{},"end":{}}],"line":26},"1":{"loc":{"start":{"line":27,"column":10},"end":{"line":31,"column":11}},"type":"if","locations":[{"start":{"line":27,"column":10},"end":{"line":31,"column":11}},{"start":{},"end":{}}],"line":27},"2":{"loc":{"start":{"line":47,"column":8},"end":{"line":47,"column":36}},"type":"if","locations":[{"start":{"line":47,"column":8},"end":{"line":47,"column":36}},{"start":{},"end":{}}],"line":47},"3":{"loc":{"start":{"line":48,"column":16},"end":{"line":48,"column":27}},"type":"binary-expr","locations":[{"start":{"line":48,"column":16},"end":{"line":48,"column":19}},{"start":{"line":48,"column":23},"end":{"line":48,"column":27}}],"line":48}},"s":{"0":1,"1":1,"2":1,"3":1,"4":1,"5":1,"6":5,"7":5,"8":5,"9":5,"10":2,"11":1,"12":1,"13":3,"14":3,"15":3,"16":3,"17":3,"18":1,"19":2,"20":1},"f":{"0":1,"1":5,"2":5,"3":5,"4":3,"5":3,"6":3},"b":{"0":[2,3],"1":[1,1],"2":[1,2],"3":[2,1]},"_coverageSchema":"1a1c01bbd47fc00a2c39e90264f33305004495a9","hash":"152d8115745ab6e6fe1533668126c876bce4fae1"}
,"/Users/ek_solution/BASE/CODES/projects/jabar_digital/auth_node/src/Interfaces/http/api/users/UserController.js": {"path":"/Users/ek_solution/BASE/CODES/projects/jabar_digital/auth_node/src/Interfaces/http/api/users/UserController.js","statementMap":{"0":{"start":{"line":3,"column":4},"end":{"line":3,"column":42}},"1":{"start":{"line":7,"column":4},"end":{"line":14,"column":5}},"2":{"start":{"line":8,"column":28},"end":{"line":8,"column":36}},"3":{"start":{"line":9,"column":19},"end":{"line":9,"column":68}},"4":{"start":{"line":10,"column":6},"end":{"line":10,"column":33}},"5":{"start":{"line":12,"column":6},"end":{"line":12,"column":64}},"6":{"start":{"line":13,"column":6},"end":{"line":13,"column":18}},"7":{"start":{"line":18,"column":0},"end":{"line":18,"column":32}}},"fnMap":{"0":{"name":"(anonymous_0)","decl":{"start":{"line":2,"column":2},"end":{"line":2,"column":3}},"loc":{"start":{"line":2,"column":34},"end":{"line":4,"column":3}},"line":2},"1":{"name":"(anonymous_1)","decl":{"start":{"line":6,"column":2},"end":{"line":6,"column":3}},"loc":{"start":{"line":6,"column":33},"end":{"line":15,"column":3}},"line":6}},"branchMap":{},"s":{"0":3,"1":3,"2":3,"3":3,"4":1,"5":2,"6":2,"7":1},"f":{"0":3,"1":3},"b":{},"_coverageSchema":"1a1c01bbd47fc00a2c39e90264f33305004495a9","hash":"0ff559c1d94ce3a51fa61d461fe84a510f4ae73a"}
,"/Users/ek_solution/BASE/CODES/projects/jabar_digital/auth_node/src/Interfaces/http/api/users/userRoutes.js": {"path":"/Users/ek_solution/BASE/CODES/projects/jabar_digital/auth_node/src/Interfaces/http/api/users/userRoutes.js","statementMap":{"0":{"start":{"line":1,"column":16},"end":{"line":1,"column":34}},"1":{"start":{"line":2,"column":24},"end":{"line":2,"column":49}},"2":{"start":{"line":3,"column":23},"end":{"line":3,"column":50}},"3":{"start":{"line":5,"column":15},"end":{"line":5,"column":31}},"4":{"start":{"line":8,"column":12},"end":{"line":8,"column":39}},"5":{"start":{"line":10,"column":0},"end":{"line":10,"column":42}},"6":{"start":{"line":12,"column":0},"end":{"line":12,"column":24}}},"fnMap":{},"branchMap":{},"s":{"0":1,"1":1,"2":1,"3":1,"4":1,"5":1,"6":1},"f":{},"b":{},"_coverageSchema":"1a1c01bbd47fc00a2c39e90264f33305004495a9","hash":"bfcf9fb42dc57596006b3dd76f296991a485b9c5"}
}
