TN:
SF:src/Applications/security/AuthenticationTokenManager.js
FN:2,(anonymous_0)
FN:6,(anonymous_1)
FN:10,(anonymous_2)
FN:14,(anonymous_3)
FNF:4
FNH:4
FNDA:1,(anonymous_0)
FNDA:1,(anonymous_1)
FNDA:1,(anonymous_2)
FNDA:1,(anonymous_3)
DA:3,1
DA:7,1
DA:11,1
DA:15,1
DA:19,4
LF:5
LH:5
BRF:0
BRH:0
end_of_record
TN:
SF:src/Applications/security/PasswordHash.js
FN:2,(anonymous_0)
FN:6,(anonymous_1)
FNF:2
FNH:2
FNDA:1,(anonymous_0)
FNDA:1,(anonymous_1)
DA:3,1
DA:7,1
DA:11,4
LF:3
LH:3
BRF:0
BRH:0
end_of_record
TN:
SF:src/Applications/use_cases/AddUserUseCase.js
FN:4,(anonymous_0)
FN:9,(anonymous_1)
FNF:2
FNH:2
FNDA:3,(anonymous_0)
FNDA:4,(anonymous_1)
DA:1,2
DA:5,3
DA:6,3
DA:10,4
DA:11,0
DA:14,4
DA:15,2
DA:19,2
DA:21,2
DA:23,2
DA:26,2
DA:33,2
DA:40,0
DA:45,2
LF:14
LH:12
BRDA:10,0,0,0
BRDA:10,0,1,4
BRDA:10,1,0,4
BRDA:10,1,1,4
BRDA:14,2,0,2
BRDA:14,2,1,2
BRF:6
BRH:5
end_of_record
TN:
SF:src/Applications/use_cases/LoginUserUseCase.js
FN:5,(anonymous_0)
FN:17,(anonymous_1)
FNF:2
FNH:2
FNDA:2,(anonymous_0)
FNDA:1,(anonymous_1)
DA:1,2
DA:2,2
DA:11,2
DA:12,2
DA:13,2
DA:14,2
DA:18,1
DA:20,1
DA:24,1
DA:27,1
DA:32,1
DA:38,1
DA:44,1
DA:47,1
DA:57,2
LF:15
LH:15
BRF:0
BRH:0
end_of_record
TN:
SF:src/Commons/exceptions/AuthenticationError.js
FN:4,(anonymous_0)
FNF:1
FNH:1
FNDA:7,(anonymous_0)
DA:1,5
DA:5,7
DA:6,7
DA:10,5
LF:4
LH:4
BRF:0
BRH:0
end_of_record
TN:
SF:src/Commons/exceptions/AuthorizationError.js
FN:4,(anonymous_0)
FNF:1
FNH:1
FNDA:1,(anonymous_0)
DA:1,3
DA:5,1
DA:6,1
DA:10,3
LF:4
LH:4
BRF:0
BRH:0
end_of_record
TN:
SF:src/Commons/exceptions/ClientError.js
FN:2,(anonymous_0)
FNF:1
FNH:1
FNDA:33,(anonymous_0)
DA:3,33
DA:5,33
DA:6,1
DA:9,32
DA:10,32
DA:14,11
LF:6
LH:6
BRDA:2,0,0,23
BRDA:5,1,0,1
BRDA:5,1,1,32
BRF:3
BRH:3
end_of_record
TN:
SF:src/Commons/exceptions/DomainErrorTranslator.js
FN:6,(anonymous_0)
FNF:1
FNH:1
FNDA:7,(anonymous_0)
DA:1,2
DA:2,2
DA:3,2
DA:5,2
DA:7,7
DA:11,2
DA:35,2
LF:7
LH:7
BRDA:7,0,0,7
BRDA:7,0,1,4
BRF:2
BRH:2
end_of_record
TN:
SF:src/Commons/exceptions/InvariantError.js
FN:4,(anonymous_0)
FNF:1
FNH:1
FNDA:22,(anonymous_0)
DA:1,5
DA:5,22
DA:6,22
DA:10,5
LF:4
LH:4
BRF:0
BRH:0
end_of_record
TN:
SF:src/Commons/exceptions/NotFoundError.js
FN:4,(anonymous_0)
FNF:1
FNH:1
FNDA:2,(anonymous_0)
DA:1,4
DA:5,2
DA:6,2
DA:10,4
LF:4
LH:4
BRF:0
BRH:0
end_of_record
TN:
SF:src/Commons/utils/validateNIK.js
FN:1,(anonymous_0)
FNF:1
FNH:1
FNDA:7,(anonymous_0)
DA:1,3
DA:2,7
DA:3,7
DA:6,3
LF:4
LH:4
BRF:0
BRH:0
end_of_record
TN:
SF:src/Domains/authentications/entities/NewAuthentication.js
FN:2,(anonymous_0)
FN:13,(anonymous_1)
FNF:2
FNH:2
FNDA:4,(anonymous_0)
FNDA:4,(anonymous_1)
DA:3,4
DA:5,2
DA:6,2
DA:7,2
DA:8,2
DA:9,2
DA:10,2
DA:14,4
DA:15,1
DA:18,3
DA:25,1
DA:30,3
LF:12
LH:12
BRDA:14,0,0,1
BRDA:14,0,1,3
BRDA:14,1,0,4
BRDA:14,1,1,4
BRDA:14,1,2,4
BRDA:14,1,3,4
BRDA:14,1,4,4
BRDA:18,2,0,1
BRDA:18,2,1,2
BRDA:19,3,0,3
BRDA:19,3,1,2
BRDA:19,3,2,2
BRDA:19,3,3,2
BRDA:19,3,4,2
BRF:14
BRH:14
end_of_record
TN:
SF:src/Domains/authentications/repositories/AuthenticationRepository.js
FN:2,(anonymous_0)
FN:6,(anonymous_1)
FN:10,(anonymous_2)
FNF:3
FNH:3
FNDA:1,(anonymous_0)
FNDA:1,(anonymous_1)
FNDA:1,(anonymous_2)
DA:3,1
DA:7,1
DA:11,1
DA:15,3
LF:4
LH:4
BRF:0
BRH:0
end_of_record
TN:
SF:src/Domains/users/entities/UserLogin.js
FN:2,(anonymous_0)
FN:9,(anonymous_1)
FNF:2
FNH:2
FNDA:4,(anonymous_0)
FNDA:4,(anonymous_1)
DA:3,4
DA:4,2
DA:5,2
DA:6,2
DA:10,4
DA:11,1
DA:14,3
DA:19,1
DA:24,3
LF:9
LH:9
BRDA:10,0,0,1
BRDA:10,0,1,3
BRDA:10,1,0,4
BRDA:10,1,1,4
BRDA:14,2,0,1
BRDA:14,2,1,2
BRDA:15,3,0,3
BRDA:15,3,1,2
BRDA:15,3,2,2
BRF:9
BRH:9
end_of_record
TN:
SF:src/Domains/users/repositories/UserRepository.js
FN:7,(anonymous_0)
FN:16,(anonymous_1)
FN:19,(anonymous_2)
FNF:3
FNH:3
FNDA:1,(anonymous_0)
FNDA:1,(anonymous_1)
FNDA:1,(anonymous_2)
DA:8,1
DA:17,1
DA:20,1
DA:24,3
LF:4
LH:4
BRF:0
BRH:0
end_of_record
TN:
SF:src/Infrastructures/container.js
FNF:0
FNH:0
DA:1,1
DA:3,1
DA:4,1
DA:5,1
DA:8,1
DA:9,1
DA:12,1
DA:13,1
DA:14,1
DA:15,1
DA:17,1
DA:20,1
DA:23,1
DA:51,1
LF:14
LH:14
BRF:0
BRH:0
end_of_record
TN:
SF:src/Infrastructures/http/createServer.js
FN:9,(anonymous_0)
FN:22,(anonymous_1)
FNF:2
FNH:2
FNDA:1,(anonymous_0)
FNDA:4,(anonymous_1)
DA:1,1
DA:2,1
DA:3,1
DA:4,1
DA:5,1
DA:6,1
DA:7,1
DA:9,1
DA:10,1
DA:13,1
DA:16,1
DA:19,1
DA:22,1
DA:23,4
DA:25,4
DA:26,4
DA:31,0
DA:33,0
DA:39,1
DA:42,1
LF:20
LH:18
BRDA:25,0,0,4
BRDA:25,0,1,0
BRF:2
BRH:1
end_of_record
TN:
SF:src/Infrastructures/http/middleware/AuthMiddleware.js
FN:3,(anonymous_0)
FN:4,(anonymous_1)
FNF:2
FNH:2
FNDA:6,(anonymous_0)
FNDA:6,(anonymous_1)
DA:1,2
DA:3,2
DA:4,6
DA:5,6
DA:6,6
DA:7,6
DA:8,2
DA:13,4
DA:15,4
DA:17,4
DA:19,2
DA:20,2
DA:22,2
DA:25,4
DA:30,2
LF:15
LH:15
BRDA:7,0,0,2
BRDA:7,0,1,4
BRDA:7,1,0,6
BRDA:7,1,1,4
BRF:4
BRH:4
end_of_record
TN:
SF:src/Infrastructures/repositories/PostgresAuthenticationRepository.js
FN:4,(anonymous_0)
FN:9,(anonymous_1)
FN:23,(anonymous_2)
FN:37,(anonymous_3)
FNF:4
FNH:4
FNDA:8,(anonymous_0)
FNDA:2,(anonymous_1)
FNDA:3,(anonymous_2)
FNDA:2,(anonymous_3)
DA:1,2
DA:5,8
DA:6,8
DA:10,2
DA:15,2
DA:16,2
DA:18,1
DA:19,1
DA:24,3
DA:29,3
DA:30,3
DA:31,2
DA:33,1
DA:38,2
DA:43,2
DA:44,2
DA:46,1
DA:51,2
LF:18
LH:18
BRF:0
BRH:0
end_of_record
TN:
SF:src/Infrastructures/repositories/PostgresUserRepository.js
FN:7,(anonymous_0)
FN:12,(anonymous_1)
FN:38,(anonymous_2)
FN:57,(anonymous_3)
FNF:4
FNH:4
FNDA:11,(anonymous_0)
FNDA:8,(anonymous_1)
FNDA:3,(anonymous_2)
FNDA:3,(anonymous_3)
DA:1,2
DA:2,2
DA:3,2
DA:4,2
DA:8,11
DA:9,11
DA:13,8
DA:22,8
DA:23,8
DA:25,6
DA:26,1
DA:29,5
DA:31,3
DA:32,1
DA:34,2
DA:39,3
DA:49,3
DA:51,2
DA:52,1
DA:55,1
DA:58,3
DA:63,3
DA:65,2
DA:66,1
DA:69,1
DA:73,2
LF:26
LH:26
BRDA:25,0,0,1
BRDA:25,0,1,5
BRDA:31,1,0,1
BRDA:31,1,1,2
BRDA:51,2,0,1
BRDA:51,2,1,1
BRDA:65,3,0,1
BRDA:65,3,1,1
BRF:8
BRH:8
end_of_record
TN:
SF:src/Infrastructures/security/BcryptPasswordHash.js
FN:5,(anonymous_0)
FN:11,(anonymous_1)
FN:15,(anonymous_2)
FNF:3
FNH:3
FNDA:4,(anonymous_0)
FNDA:3,(anonymous_1)
FNDA:2,(anonymous_2)
DA:1,2
DA:2,2
DA:6,4
DA:7,4
DA:8,4
DA:12,3
DA:16,2
DA:18,2
DA:19,1
DA:24,2
LF:10
LH:10
BRDA:5,0,0,3
BRDA:18,1,0,1
BRDA:18,1,1,1
BRF:3
BRH:3
end_of_record
TN:
SF:src/Infrastructures/security/JwtTokenManager.js
FN:5,(anonymous_0)
FN:14,(anonymous_1)
FN:20,(anonymous_2)
FN:26,(anonymous_3)
FN:34,(anonymous_4)
FNF:5
FNH:5
FNDA:9,(anonymous_0)
FNDA:2,(anonymous_1)
FNDA:1,(anonymous_2)
FNDA:2,(anonymous_3)
FNDA:4,(anonymous_4)
DA:1,2
DA:2,2
DA:6,9
DA:7,9
DA:9,9
DA:10,2
DA:15,2
DA:21,1
DA:27,2
DA:28,2
DA:30,1
DA:35,4
DA:36,4
DA:37,2
DA:39,2
DA:43,2
LF:16
LH:16
BRDA:9,0,0,2
BRDA:9,0,1,7
BRDA:9,1,0,9
BRDA:9,1,1,8
BRDA:36,2,0,2
BRDA:36,2,1,2
BRF:6
BRH:6
end_of_record
TN:
SF:src/Interfaces/http/api/users/UserController.js
FN:3,(anonymous_0)
FN:8,(anonymous_1)
FN:18,(anonymous_2)
FN:33,(anonymous_3)
FNF:4
FNH:4
FNDA:6,(anonymous_0)
FNDA:2,(anonymous_1)
FNDA:2,(anonymous_2)
FNDA:2,(anonymous_3)
DA:1,1
DA:4,6
DA:5,6
DA:9,2
DA:10,2
DA:11,2
DA:12,1
DA:14,1
DA:19,2
DA:20,2
DA:22,2
DA:23,1
DA:26,1
DA:27,1
DA:29,1
DA:34,2
DA:35,2
DA:36,2
DA:37,1
DA:39,1
DA:44,1
DA:49,1
LF:22
LH:22
BRDA:22,0,0,1
BRDA:22,0,1,1
BRDA:22,1,0,2
BRDA:22,1,1,2
BRDA:36,2,0,1
BRDA:36,2,1,1
BRF:6
BRH:6
end_of_record
TN:
SF:src/Interfaces/http/api/users/userRoutes.js
FN:16,(anonymous_0)
FNF:1
FNH:1
FNDA:3,(anonymous_0)
DA:1,1
DA:2,1
DA:3,1
DA:4,1
DA:6,1
DA:9,1
DA:12,1
DA:13,1
DA:16,1
DA:17,3
DA:22,1
DA:24,1
LF:12
LH:12
BRF:0
BRH:0
end_of_record
TN:
SF:tests/AuthenticationsTableTestHelper.js
FN:4,(anonymous_0)
FN:8,(anonymous_1)
FN:16,(anonymous_2)
FNF:3
FNH:3
FNDA:7,(anonymous_0)
FNDA:2,(anonymous_1)
FNDA:2,(anonymous_2)
DA:1,1
DA:3,1
DA:5,7
DA:9,2
DA:13,2
DA:17,2
DA:21,2
DA:22,2
DA:26,1
LF:9
LH:9
BRF:0
BRH:0
end_of_record
